2021-09-09 14:33:27,557 ERROR    root            (gcloud) Command name argument expected.
2021-09-09 14:33:27,557 DEBUG    root            Loaded Command Group: ['gcloud', 'deployment_manager']
2021-09-09 14:33:27,566 DEBUG    root            Loaded Command Group: ['gcloud', 'help']
2021-09-09 14:33:27,568 DEBUG    root            Loaded Command Group: ['gcloud', 'topic']
2021-09-09 14:33:27,570 DEBUG    root            Loaded Command Group: ['gcloud', 'workspace_add_ons']
2021-09-09 14:33:27,572 DEBUG    root            Loaded Command Group: ['gcloud', 'scheduler']
2021-09-09 14:33:27,573 DEBUG    root            Loaded Command Group: ['gcloud', 'domains']
2021-09-09 14:33:27,576 DEBUG    root            Loaded Command Group: ['gcloud', 'functions']
2021-09-09 14:33:27,580 DEBUG    root            No implementation for release track [GA] for element: [/usr/local/Caskroom/google-cloud-sdk/latest/google-cloud-sdk/lib/surface/runtime_config]
2021-09-09 14:33:27,581 DEBUG    root            Loaded Command Group: ['gcloud', 'access_context_manager']
2021-09-09 14:33:27,582 DEBUG    root            No implementation for release track [GA] for element: [/usr/local/Caskroom/google-cloud-sdk/latest/google-cloud-sdk/lib/surface/deploy]
2021-09-09 14:33:27,583 DEBUG    root            Loaded Command Group: ['gcloud', 'logging']
2021-09-09 14:33:27,585 DEBUG    root            Loaded Command Group: ['gcloud', 'metastore']
2021-09-09 14:33:27,587 DEBUG    root            No implementation for release track [GA] for element: [/usr/local/Caskroom/google-cloud-sdk/latest/google-cloud-sdk/lib/surface/blueprints]
2021-09-09 14:33:27,587 DEBUG    root            Loaded Command Group: ['gcloud', 'policy_intelligence']
2021-09-09 14:33:27,589 DEBUG    root            Loaded Command Group: ['gcloud', 'meta']
2021-09-09 14:33:27,591 DEBUG    root            Loaded Command Group: ['gcloud', 'scc']
2021-09-09 14:33:27,593 DEBUG    root            No implementation for release track [GA] for element: [/usr/local/Caskroom/google-cloud-sdk/latest/google-cloud-sdk/lib/surface/web_security_scanner]
2021-09-09 14:33:27,594 DEBUG    root            No implementation for release track [GA] for element: [/usr/local/Caskroom/google-cloud-sdk/latest/google-cloud-sdk/lib/surface/ids]
2021-09-09 14:33:27,614 DEBUG    root            Loaded Command Group: ['gcloud', 'api_gateway']
2021-09-09 14:33:27,616 DEBUG    root            No implementation for release track [GA] for element: [/usr/local/Caskroom/google-cloud-sdk/latest/google-cloud-sdk/lib/surface/network_services]
2021-09-09 14:33:27,616 DEBUG    root            Loaded Command Group: ['gcloud', 'apigee']
2021-09-09 14:33:27,618 DEBUG    root            No implementation for release track [GA] for element: [/usr/local/Caskroom/google-cloud-sdk/latest/google-cloud-sdk/lib/surface/genomics]
2021-09-09 14:33:27,619 DEBUG    root            Loaded Command Group: ['gcloud', 'access_approval']
2021-09-09 14:33:27,621 DEBUG    root            Loaded Command Group: ['gcloud', 'billing']
2021-09-09 14:33:27,623 DEBUG    root            Loaded Command Group: ['gcloud', 'version']
2021-09-09 14:33:27,624 DEBUG    root            No implementation for release track [GA] for element: [/usr/local/Caskroom/google-cloud-sdk/latest/google-cloud-sdk/lib/surface/dialogflow]
2021-09-09 14:33:27,625 DEBUG    root            Loaded Command Group: ['gcloud', 'network_security']
2021-09-09 14:33:27,627 DEBUG    root            No implementation for release track [GA] for element: [/usr/local/Caskroom/google-cloud-sdk/latest/google-cloud-sdk/lib/surface/data_fusion]
2021-09-09 14:33:27,627 DEBUG    root            Loaded Command Group: ['gcloud', 'ml']
2021-09-09 14:33:27,629 DEBUG    root            Loaded Command Group: ['gcloud', 'datastore']
2021-09-09 14:33:27,631 DEBUG    root            Loaded Command Group: ['gcloud', 'monitoring']
2021-09-09 14:33:27,632 DEBUG    root            No implementation for release track [GA] for element: [/usr/local/Caskroom/google-cloud-sdk/latest/google-cloud-sdk/lib/surface/certificate_manager]
2021-09-09 14:33:27,633 DEBUG    root            Loaded Command Group: ['gcloud', 'sql']
2021-09-09 14:33:27,635 DEBUG    root            Loaded Command Group: ['gcloud', 'org_policies']
2021-09-09 14:33:27,638 DEBUG    root            No implementation for release track [GA] for element: [/usr/local/Caskroom/google-cloud-sdk/latest/google-cloud-sdk/lib/surface/dlp]
2021-09-09 14:33:27,638 DEBUG    root            Loaded Command Group: ['gcloud', 'active_directory']
2021-09-09 14:33:27,640 DEBUG    root            Loaded Command Group: ['gcloud', 'anthos']
2021-09-09 14:33:27,645 DEBUG    root            Loaded Command Group: ['gcloud', 'feedback']
2021-09-09 14:33:27,647 DEBUG    root            No implementation for release track [GA] for element: [/usr/local/Caskroom/google-cloud-sdk/latest/google-cloud-sdk/lib/surface/resource_config]
2021-09-09 14:33:27,648 DEBUG    root            Loaded Command Group: ['gcloud', 'resource_manager']
2021-09-09 14:33:27,649 DEBUG    root            Loaded Command Group: ['gcloud', 'filestore']
2021-09-09 14:33:27,651 DEBUG    root            No implementation for release track [GA] for element: [/usr/local/Caskroom/google-cloud-sdk/latest/google-cloud-sdk/lib/surface/lifesciences]
2021-09-09 14:33:27,652 DEBUG    root            Loaded Command Group: ['gcloud', 'emulators']
2021-09-09 14:33:27,657 DEBUG    root            Loaded Command Group: ['gcloud', 'init']
2021-09-09 14:33:27,659 DEBUG    root            Loaded Command Group: ['gcloud', 'data_catalog']
2021-09-09 14:33:27,661 DEBUG    root            Loaded Command Group: ['gcloud', 'bigtable']
2021-09-09 14:33:27,663 DEBUG    root            No implementation for release track [GA] for element: [/usr/local/Caskroom/google-cloud-sdk/latest/google-cloud-sdk/lib/surface/edge_container]
2021-09-09 14:33:27,664 DEBUG    root            Loaded Command Group: ['gcloud', 'ai']
2021-09-09 14:33:27,667 DEBUG    root            Loaded Command Group: ['gcloud', 'info']
2021-09-09 14:33:27,668 DEBUG    root            Loaded Command Group: ['gcloud', 'services']
2021-09-09 14:33:27,670 DEBUG    root            Loaded Command Group: ['gcloud', 'spanner']
2021-09-09 14:33:27,672 DEBUG    root            No implementation for release track [GA] for element: [/usr/local/Caskroom/google-cloud-sdk/latest/google-cloud-sdk/lib/surface/media]
2021-09-09 14:33:27,673 DEBUG    root            Loaded Command Group: ['gcloud', 'app']
2021-09-09 14:33:27,675 DEBUG    root            No implementation for release track [GA] for element: [/usr/local/Caskroom/google-cloud-sdk/latest/google-cloud-sdk/lib/surface/trace]
2021-09-09 14:33:27,680 DEBUG    root            Loaded Command Group: ['gcloud', 'survey']
2021-09-09 14:33:27,682 DEBUG    root            Loaded Command Group: ['gcloud', 'essential_contacts']
2021-09-09 14:33:27,683 DEBUG    root            Loaded Command Group: ['gcloud', 'composer']
2021-09-09 14:33:27,685 DEBUG    root            Loaded Command Group: ['gcloud', 'endpoints']
2021-09-09 14:33:27,686 DEBUG    root            No implementation for release track [GA] for element: [/usr/local/Caskroom/google-cloud-sdk/latest/google-cloud-sdk/lib/surface/admin_service_cluster]
2021-09-09 14:33:27,687 DEBUG    root            Loaded Command Group: ['gcloud', 'dataflow']
2021-09-09 14:33:27,689 DEBUG    root            Loaded Command Group: ['gcloud', 'cloud_shell']
2021-09-09 14:33:27,690 DEBUG    root            Loaded Command Group: ['gcloud', 'edge_cache']
2021-09-09 14:33:27,692 DEBUG    root            No implementation for release track [GA] for element: [/usr/local/Caskroom/google-cloud-sdk/latest/google-cloud-sdk/lib/surface/bq]
2021-09-09 14:33:27,693 DEBUG    root            Loaded Command Group: ['gcloud', 'cheat_sheet']
2021-09-09 14:33:27,695 DEBUG    root            Loaded Command Group: ['gcloud', 'eventarc']
2021-09-09 14:33:27,696 DEBUG    root            No implementation for release track [GA] for element: [/usr/local/Caskroom/google-cloud-sdk/latest/google-cloud-sdk/lib/surface/dataplex]
2021-09-09 14:33:27,700 DEBUG    root            No implementation for release track [GA] for element: [/usr/local/Caskroom/google-cloud-sdk/latest/google-cloud-sdk/lib/surface/code]
2021-09-09 14:33:27,700 DEBUG    root            Loaded Command Group: ['gcloud', 'recaptcha']
2021-09-09 14:33:27,702 DEBUG    root            Loaded Command Group: ['gcloud', 'run']
2021-09-09 14:33:27,704 DEBUG    root            Loaded Command Group: ['gcloud', 'database_migration']
2021-09-09 14:33:27,705 DEBUG    root            Loaded Command Group: ['gcloud', 'iap']
2021-09-09 14:33:27,707 DEBUG    root            No implementation for release track [GA] for element: [/usr/local/Caskroom/google-cloud-sdk/latest/google-cloud-sdk/lib/surface/labelmanager]
2021-09-09 14:33:27,708 DEBUG    root            Loaded Command Group: ['gcloud', 'notebooks']
2021-09-09 14:33:27,709 DEBUG    root            No implementation for release track [GA] for element: [/usr/local/Caskroom/google-cloud-sdk/latest/google-cloud-sdk/lib/surface/commerce_procurement]
2021-09-09 14:33:27,711 DEBUG    root            Loaded Command Group: ['gcloud', 'builds']
2021-09-09 14:33:27,713 DEBUG    root            Loaded Command Group: ['gcloud', 'projects']
2021-09-09 14:33:27,715 DEBUG    root            Loaded Command Group: ['gcloud', 'healthcare']
2021-09-09 14:33:27,717 DEBUG    root            Loaded Command Group: ['gcloud', 'ml_engine']
2021-09-09 14:33:27,719 DEBUG    root            Loaded Command Group: ['gcloud', 'secrets']
2021-09-09 14:33:27,721 DEBUG    root            Loaded Command Group: ['gcloud', 'tasks']
2021-09-09 14:33:27,723 DEBUG    root            No implementation for release track [GA] for element: [/usr/local/Caskroom/google-cloud-sdk/latest/google-cloud-sdk/lib/surface/datastream]
2021-09-09 14:33:27,723 DEBUG    root            Loaded Command Group: ['gcloud', 'pubsub']
2021-09-09 14:33:27,725 DEBUG    root            No implementation for release track [GA] for element: [/usr/local/Caskroom/google-cloud-sdk/latest/google-cloud-sdk/lib/surface/kuberun]
2021-09-09 14:33:27,726 DEBUG    root            Loaded Command Group: ['gcloud', 'organizations']
2021-09-09 14:33:27,728 DEBUG    root            Loaded Command Group: ['gcloud', 'assured']
2021-09-09 14:33:27,729 DEBUG    root            Loaded Command Group: ['gcloud', 'service_directory']
2021-09-09 14:33:27,731 DEBUG    root            No implementation for release track [GA] for element: [/usr/local/Caskroom/google-cloud-sdk/latest/google-cloud-sdk/lib/surface/storage]
2021-09-09 14:33:27,731 DEBUG    root            Loaded Command Group: ['gcloud', 'kms']
2021-09-09 14:33:27,792 DEBUG    root            Loaded Command Group: ['gcloud', 'compute']
2021-09-09 14:33:27,797 DEBUG    root            Loaded Command Group: ['gcloud', 'dns']
2021-09-09 14:33:27,799 DEBUG    root            No implementation for release track [GA] for element: [/usr/local/Caskroom/google-cloud-sdk/latest/google-cloud-sdk/lib/surface/alloydb]
2021-09-09 14:33:27,800 DEBUG    root            Loaded Command Group: ['gcloud', 'network_connectivity']
2021-09-09 14:33:27,802 DEBUG    root            Loaded Command Group: ['gcloud', 'config']
2021-09-09 14:33:27,808 DEBUG    root            Loaded Command Group: ['gcloud', 'container']
2021-09-09 14:33:27,810 DEBUG    root            Loaded Command Group: ['gcloud', 'recommender']
2021-09-09 14:33:27,811 DEBUG    root            Loaded Command Group: ['gcloud', 'privateca']
2021-09-09 14:33:27,813 DEBUG    root            Loaded Command Group: ['gcloud', 'iot']
2021-09-09 14:33:27,815 DEBUG    root            Loaded Command Group: ['gcloud', 'source']
2021-09-09 14:33:27,817 DEBUG    root            Loaded Command Group: ['gcloud', 'workflows']
2021-09-09 14:33:27,819 DEBUG    root            No implementation for release track [GA] for element: [/usr/local/Caskroom/google-cloud-sdk/latest/google-cloud-sdk/lib/surface/transfer]
2021-09-09 14:33:27,819 DEBUG    root            Loaded Command Group: ['gcloud', 'components']
2021-09-09 14:33:27,821 DEBUG    root            Loaded Command Group: ['gcloud', 'artifacts']
2021-09-09 14:33:27,823 DEBUG    root            No implementation for release track [GA] for element: [/usr/local/Caskroom/google-cloud-sdk/latest/google-cloud-sdk/lib/surface/remote_build_execution]
2021-09-09 14:33:27,824 DEBUG    root            Loaded Command Group: ['gcloud', 'redis']
2021-09-09 14:33:27,831 DEBUG    root            Loaded Command Group: ['gcloud', 'docker']
2021-09-09 14:33:27,833 DEBUG    root            Loaded Command Group: ['gcloud', 'firestore']
2021-09-09 14:33:27,916 DEBUG    root            No implementation for release track [GA] for element: [/usr/local/Caskroom/google-cloud-sdk/latest/google-cloud-sdk/lib/surface/interactive]
2021-09-09 14:33:27,917 DEBUG    root            Loaded Command Group: ['gcloud', 'dataproc']
2021-09-09 14:33:27,918 DEBUG    root            Loaded Command Group: ['gcloud', 'ai_platform']
2021-09-09 14:33:27,920 DEBUG    root            No implementation for release track [GA] for element: [/usr/local/Caskroom/google-cloud-sdk/latest/google-cloud-sdk/lib/surface/publicca]
2021-09-09 14:33:27,921 DEBUG    root            Loaded Command Group: ['gcloud', 'auth']
2021-09-09 14:33:27,923 DEBUG    root            No implementation for release track [GA] for element: [/usr/local/Caskroom/google-cloud-sdk/latest/google-cloud-sdk/lib/surface/transcoder]
2021-09-09 14:33:27,923 DEBUG    root            Loaded Command Group: ['gcloud', 'iam']
2021-09-09 14:33:27,925 DEBUG    root            No implementation for release track [GA] for element: [/usr/local/Caskroom/google-cloud-sdk/latest/google-cloud-sdk/lib/surface/error_reporting]
2021-09-09 14:33:27,951 DEBUG    root            No implementation for release track [GA] for element: [/usr/local/Caskroom/google-cloud-sdk/latest/google-cloud-sdk/lib/surface/events]
2021-09-09 14:33:27,952 DEBUG    root            No implementation for release track [GA] for element: [/usr/local/Caskroom/google-cloud-sdk/latest/google-cloud-sdk/lib/surface/vmware]
2021-09-09 14:33:27,953 DEBUG    root            Loaded Command Group: ['gcloud', 'policy_troubleshoot']
2021-09-09 14:33:27,955 DEBUG    root            Loaded Command Group: ['gcloud', 'identity']
2021-09-09 14:33:27,956 DEBUG    root            Loaded Command Group: ['gcloud', 'firebase']
2021-09-09 14:33:27,959 DEBUG    root            Loaded Command Group: ['gcloud', 'debug']
2021-09-09 14:33:27,961 DEBUG    root            Loaded Command Group: ['gcloud', 'resource_settings']
2021-09-09 14:33:27,962 DEBUG    root            No implementation for release track [GA] for element: [/usr/local/Caskroom/google-cloud-sdk/latest/google-cloud-sdk/lib/surface/bms]
2021-09-09 14:33:27,963 DEBUG    root            Loaded Command Group: ['gcloud', 'asset']
2021-09-09 14:33:27,965 DEBUG    root            Loaded Command Group: ['gcloud', 'game']
2021-09-09 14:33:27,966 DEBUG    root            Loaded Command Group: ['gcloud', 'network_management']
2021-09-09 14:33:27,968 DEBUG    root            Loaded Command Group: ['gcloud', 'memcache']
