2021-09-09 14:48:10,907 DEBUG    root            Loaded Command Group: ['gcloud', 'auth']
2021-09-09 14:48:10,944 DEBUG    root            Loaded Command Group: ['gcloud', 'auth', 'login']
2021-09-09 14:48:10,946 DEBUG    root            Running [gcloud.auth.login] with arguments: []
2021-09-09 14:48:10,959 DEBUG    requests_oauthlib.oauth2_session Generated new state T82EWBbC9XDnaD2wCCZexjJJsxhdVQ.
2021-09-09 14:48:11,126 INFO     ___FILE_ONLY___ Your browser has been opened to visit:

    https://accounts.google.com/o/oauth2/auth?response_type=code&client_id=32555940559.apps.googleusercontent.com&redirect_uri=http%3A%2F%2Flocalhost%3A8085%2F&scope=openid+https%3A%2F%2Fwww.googleapis.com%2Fauth%2Fuserinfo.email+https%3A%2F%2Fwww.googleapis.com%2Fauth%2Fcloud-platform+https%3A%2F%2Fwww.googleapis.com%2Fauth%2Fappengine.admin+https%3A%2F%2Fwww.googleapis.com%2Fauth%2Fcompute+https%3A%2F%2Fwww.googleapis.com%2Fauth%2Faccounts.reauth&state=T82EWBbC9XDnaD2wCCZexjJJsxhdVQ&access_type=offline&code_challenge=PKwB4sjcu-F-EnjbPIeFiGS9eibFzzGuObRuTOWpuIQ&code_challenge_method=S256


2021-09-09 14:48:17,331 INFO     google_auth_oauthlib.flow "GET /?state=T82EWBbC9XDnaD2wCCZexjJJsxhdVQ&code=4/0AX4XfWjYZThKzi4qV5paYayOsMW_nE9lpw8HZBYfgKC9mdxI9_h-2L6M2MOLvHFUGbqamg&scope=email%20openid%20https://www.googleapis.com/auth/userinfo.email%20https://www.googleapis.com/auth/cloud-platform%20https://www.googleapis.com/auth/appengine.admin%20https://www.googleapis.com/auth/compute%20https://www.googleapis.com/auth/accounts.reauth&authuser=0&hd=deanware.com&prompt=consent HTTP/1.1" 200 959
2021-09-09 14:48:17,331 DEBUG    requests_oauthlib.oauth2_session Requesting url https://oauth2.googleapis.com/token using method POST.
2021-09-09 14:48:17,332 DEBUG    requests_oauthlib.oauth2_session Supplying headers {b'Accept': b'application/json', b'Content-Type': b'application/x-www-form-urlencoded;charset=UTF-8', b'user-agent': b'google-cloud-sdk gcloud/355.0.0 command/gcloud.auth.login invocation-id/10608b839cc34f5eb4a6e51eb7166a12 environment/None environment-version/None interactive/True from-script/False python/3.9.7 term/xterm-256color (Macintosh; Intel Mac OS X 20.5.0)'} and data {'grant_type': 'authorization_code', 'client_id': '32555940559.apps.googleusercontent.com', 'client_secret': 'ZmssLNjJy2998hD4CTg2ejr2', 'code': '4/0AX4XfWjYZThKzi4qV5paYayOsMW_nE9lpw8HZBYfgKC9mdxI9_h-2L6M2MOLvHFUGbqamg', 'redirect_uri': 'http://localhost:8085/', 'code_verifier': '09-tkhbrvz4moWqoUzmC0V7WwsJlFvGZNl.kvY0cKB3tzqQgr3UYfzEXucUTAfYv5AM6zk3r1RW483~DdwfuTc6jXFiackjdBK_VbdvzLjP7VUvrx0Eq6VNTq6NG42qE'}
2021-09-09 14:48:17,332 DEBUG    requests_oauthlib.oauth2_session Passing through key word arguments {'json': None, 'timeout': None, 'auth': None, 'verify': True, 'proxies': None}.
2021-09-09 14:48:17,344 DEBUG    urllib3.connectionpool Starting new HTTPS connection (1): oauth2.googleapis.com:443
2021-09-09 14:49:33,656 DEBUG    urllib3.connectionpool https://oauth2.googleapis.com:443 "POST /token HTTP/1.1" 200 None
2021-09-09 14:49:33,657 DEBUG    requests_oauthlib.oauth2_session Prepared fetch token request body grant_type=authorization_code&client_id=32555940559.apps.googleusercontent.com&client_secret=ZmssLNjJy2998hD4CTg2ejr2&code=4%2F0AX4XfWjYZThKzi4qV5paYayOsMW_nE9lpw8HZBYfgKC9mdxI9_h-2L6M2MOLvHFUGbqamg&redirect_uri=http%3A%2F%2Flocalhost%3A8085%2F&code_verifier=09-tkhbrvz4moWqoUzmC0V7WwsJlFvGZNl.kvY0cKB3tzqQgr3UYfzEXucUTAfYv5AM6zk3r1RW483~DdwfuTc6jXFiackjdBK_VbdvzLjP7VUvrx0Eq6VNTq6NG42qE
2021-09-09 14:49:33,657 DEBUG    requests_oauthlib.oauth2_session Request to fetch token completed with status 200.
2021-09-09 14:49:33,657 DEBUG    requests_oauthlib.oauth2_session Request headers were {'user-agent': b'google-cloud-sdk gcloud/355.0.0 command/gcloud.auth.login invocation-id/10608b839cc34f5eb4a6e51eb7166a12 environment/None environment-version/None interactive/True from-script/False python/3.9.7 term/xterm-256color (Macintosh; Intel Mac OS X 20.5.0)', 'Accept-Encoding': 'gzip, deflate', 'Accept': b'application/json', 'Connection': 'keep-alive', 'Content-Type': b'application/x-www-form-urlencoded;charset=UTF-8', 'Content-Length': '387'}
2021-09-09 14:49:33,657 DEBUG    requests_oauthlib.oauth2_session Request body was grant_type=authorization_code&client_id=32555940559.apps.googleusercontent.com&client_secret=ZmssLNjJy2998hD4CTg2ejr2&code=4%2F0AX4XfWjYZThKzi4qV5paYayOsMW_nE9lpw8HZBYfgKC9mdxI9_h-2L6M2MOLvHFUGbqamg&redirect_uri=http%3A%2F%2Flocalhost%3A8085%2F&code_verifier=09-tkhbrvz4moWqoUzmC0V7WwsJlFvGZNl.kvY0cKB3tzqQgr3UYfzEXucUTAfYv5AM6zk3r1RW483~DdwfuTc6jXFiackjdBK_VbdvzLjP7VUvrx0Eq6VNTq6NG42qE
2021-09-09 14:49:33,657 DEBUG    requests_oauthlib.oauth2_session Response headers were {'Cache-Control': 'no-cache, no-store, max-age=0, must-revalidate', 'Pragma': 'no-cache', 'Expires': 'Mon, 01 Jan 1990 00:00:00 GMT', 'Date': 'Thu, 09 Sep 2021 21:49:33 GMT', 'Content-Type': 'application/json; charset=utf-8', 'Vary': 'Origin, X-Origin, Referer', 'Content-Encoding': 'gzip', 'Server': 'scaffolding on HTTPServer2', 'X-XSS-Protection': '0', 'X-Frame-Options': 'SAMEORIGIN', 'X-Content-Type-Options': 'nosniff', 'Alt-Svc': 'h3=":443"; ma=2592000,h3-29=":443"; ma=2592000,h3-T051=":443"; ma=2592000,h3-Q050=":443"; ma=2592000,h3-Q046=":443"; ma=2592000,h3-Q043=":443"; ma=2592000,quic=":443"; ma=2592000; v="46,43"', 'Transfer-Encoding': 'chunked'} and content {
  "access_token": "ya29.a0ARrdaM8GF25b7EPVHSh6mT4ccgg0X_Xf6JgubCIE6BYZ5s2V6spaQdVtiek0o3HxKfPNLs4qcgSXaR-CIbNAna63hkJ_ct7YHdcuKsH235QTu3clXTg2Yiq08jReFYMn3U9NhEyifKdK3fffT4JPwdiD4apKhLJcyE3Z",
  "expires_in": 3599,
  "refresh_token": "1//06wM7ujPCY76WCgYIARAAGAYSNwF-L9IrwYdYQSa4IPoDqbK0jOd2kfBhkKCYcthDmSAfG7EszllebBjt3v5B11qIS-FpTNSw8Sw",
  "scope": "openid https://www.googleapis.com/auth/cloud-platform https://www.googleapis.com/auth/accounts.reauth https://www.googleapis.com/auth/userinfo.email https://www.googleapis.com/auth/compute https://www.googleapis.com/auth/appengine.admin",
  "token_type": "Bearer",
  "id_token": "eyJhbGciOiJSUzI1NiIsImtpZCI6Ijk5MWIwNjM2YWFkYTM0MWM1YTA4ZTBkOGYyNDA2OTcyMDY0ZGM4ZWQiLCJ0eXAiOiJKV1QifQ.eyJpc3MiOiJodHRwczovL2FjY291bnRzLmdvb2dsZS5jb20iLCJhenAiOiIzMjU1NTk0MDU1OS5hcHBzLmdvb2dsZXVzZXJjb250ZW50LmNvbSIsImF1ZCI6IjMyNTU1OTQwNTU5LmFwcHMuZ29vZ2xldXNlcmNvbnRlbnQuY29tIiwic3ViIjoiMTA3MTIzNzI0MDY2NjA0MjgxMDk3IiwiaGQiOiJkZWFud2FyZS5jb20iLCJlbWFpbCI6ImRlYW5AZGVhbndhcmUuY29tIiwiZW1haWxfdmVyaWZpZWQiOnRydWUsImF0X2hhc2giOiJjc3pVZFl3bTNMN0xjUW42RVhjZWFnIiwiaWF0IjoxNjMxMjI0MTczLCJleHAiOjE2MzEyMjc3NzN9.bPqguPcDoGBVrM9BQbqLyUF9oB42g-bnD8qbQPSFqVwvxOvHWedC0ft2duIZLmBGUbu2xiVXIB-u9guSbjs6x0eKrZq084SHw53ykQUkKyUf4F-CA8Li4DZ4j3vRrU6E_SF2WVjijHCKIVfkWeEEzB5vHEtKbIhinVkGLmJrL_luHx9QW1PHJYuEKTfPznkZCVzunEP_JEjeH9jGcmCr5R6jNYPK4BAxMW3iHjrot9xSOwsqivlegIWovNnu4haIwuxzC3QWYraBsfNki-tKUX7jxPugzRZbpi5Wm299IQ12R72hL1KMzCMK2_zR7lTmYx0VtNyzSAU__PGt4s0PRQ"
}.
2021-09-09 14:49:33,657 DEBUG    requests_oauthlib.oauth2_session Invoking 0 token response hooks.
2021-09-09 14:49:33,658 DEBUG    requests_oauthlib.oauth2_session Obtained token {'access_token': 'ya29.a0ARrdaM8GF25b7EPVHSh6mT4ccgg0X_Xf6JgubCIE6BYZ5s2V6spaQdVtiek0o3HxKfPNLs4qcgSXaR-CIbNAna63hkJ_ct7YHdcuKsH235QTu3clXTg2Yiq08jReFYMn3U9NhEyifKdK3fffT4JPwdiD4apKhLJcyE3Z', 'expires_in': 3599, 'refresh_token': '1//06wM7ujPCY76WCgYIARAAGAYSNwF-L9IrwYdYQSa4IPoDqbK0jOd2kfBhkKCYcthDmSAfG7EszllebBjt3v5B11qIS-FpTNSw8Sw', 'scope': ['openid', 'https://www.googleapis.com/auth/cloud-platform', 'https://www.googleapis.com/auth/accounts.reauth', 'https://www.googleapis.com/auth/userinfo.email', 'https://www.googleapis.com/auth/compute', 'https://www.googleapis.com/auth/appengine.admin'], 'token_type': 'Bearer', 'id_token': 'eyJhbGciOiJSUzI1NiIsImtpZCI6Ijk5MWIwNjM2YWFkYTM0MWM1YTA4ZTBkOGYyNDA2OTcyMDY0ZGM4ZWQiLCJ0eXAiOiJKV1QifQ.eyJpc3MiOiJodHRwczovL2FjY291bnRzLmdvb2dsZS5jb20iLCJhenAiOiIzMjU1NTk0MDU1OS5hcHBzLmdvb2dsZXVzZXJjb250ZW50LmNvbSIsImF1ZCI6IjMyNTU1OTQwNTU5LmFwcHMuZ29vZ2xldXNlcmNvbnRlbnQuY29tIiwic3ViIjoiMTA3MTIzNzI0MDY2NjA0MjgxMDk3IiwiaGQiOiJkZWFud2FyZS5jb20iLCJlbWFpbCI6ImRlYW5AZGVhbndhcmUuY29tIiwiZW1haWxfdmVyaWZpZWQiOnRydWUsImF0X2hhc2giOiJjc3pVZFl3bTNMN0xjUW42RVhjZWFnIiwiaWF0IjoxNjMxMjI0MTczLCJleHAiOjE2MzEyMjc3NzN9.bPqguPcDoGBVrM9BQbqLyUF9oB42g-bnD8qbQPSFqVwvxOvHWedC0ft2duIZLmBGUbu2xiVXIB-u9guSbjs6x0eKrZq084SHw53ykQUkKyUf4F-CA8Li4DZ4j3vRrU6E_SF2WVjijHCKIVfkWeEEzB5vHEtKbIhinVkGLmJrL_luHx9QW1PHJYuEKTfPznkZCVzunEP_JEjeH9jGcmCr5R6jNYPK4BAxMW3iHjrot9xSOwsqivlegIWovNnu4haIwuxzC3QWYraBsfNki-tKUX7jxPugzRZbpi5Wm299IQ12R72hL1KMzCMK2_zR7lTmYx0VtNyzSAU__PGt4s0PRQ', 'expires_at': 1631227772.6580858}.
2021-09-09 14:49:33,672 INFO     ___FILE_ONLY___ 
You are now logged in as [dean@deanware.com].
Your current project is [shopify-319117].  You can change this setting by running:
  $ gcloud config set project PROJECT_ID

2021-09-09 14:49:33,672 INFO     root            Display format: "none"
