2021-09-09 15:38:35,305 DEBUG    root            Loaded Command Group: ['gcloud', 'run']
2021-09-09 15:38:35,342 DEBUG    root            Loaded Command Group: ['gcloud', 'run', 'deploy']
2021-09-09 15:38:35,350 DEBUG    root            Running [gcloud.run.deploy] with arguments: [--help: "None"]
2021-09-09 15:38:35,373 DEBUG    root            Loaded Command Group: ['gcloud', 'help']
2021-09-09 15:38:35,375 DEBUG    root            Loaded Command Group: ['gcloud', 'run', 'services']
2021-09-09 15:38:35,384 DEBUG    root            Loaded Command Group: ['gcloud', 'run', 'services', 'update_traffic']
2021-09-09 15:38:35,388 DEBUG    root            Loaded Command Group: ['gcloud', 'topic']
2021-09-09 15:38:35,392 DEBUG    root            Loaded Command Group: ['gcloud', 'topic', 'gcloudignore']
2021-09-09 15:38:35,415 INFO     ___FILE_ONLY___ [m[1mNAME[m
    gcloud run deploy - deploy a container to Cloud Run

[m[1mSYNOPSIS[m
    [1mgcloud run deploy[m [[[4mSERVICE[m] [1m--namespace[m=[4mNAMESPACE[m] [[1m--args[m=[[4mARG[m,...]]
        [[1m--async[m] [[1m--command[m=[[4mCOMMAND[m,...]] [[1m--concurrency[m=[4mCONCURRENCY[m]
        [[1m--cpu[m=[4mCPU[m] [[1m--ingress[m=[4mINGRESS[m; default="all"]
        [[1m--max-instances[m=[4mMAX_INSTANCES[m] [[1m--memory[m=[4mMEMORY[m]
        [[1m--min-instances[m=[4mMIN_INSTANCES[m]
        [[1m--platform[m=[4mPLATFORM[m; default="managed"] [[1m--port[m=[4mPORT[m]
        [[1m--service-account[m=[4mSERVICE_ACCOUNT[m] [[1m--tag[m=[4mTAG[m] [[1m--timeout[m=[4mTIMEOUT[m]
        [[1m--no-traffic[m] [[1m--[no-]use-http2[m]
        [[1m--clear-env-vars[m | [1m--set-env-vars[m=[[4mKEY[m=[4mVALUE[m,...]
          | [1m--remove-env-vars[m=[[4mKEY[m,...] [1m--update-env-vars[m=[[4mKEY[m=[4mVALUE[m,...]]
        [[1m--clear-labels[m | [1m--remove-labels[m=[[4mKEY[m,...] [1m--labels[m=[[4mKEY[m=[4mVALUE[m,...]
          | [1m--update-labels[m=[[4mKEY[m=[4mVALUE[m,...]]
        [[1m--connectivity[m=[4mCONNECTIVITY[m [1m--clear-config-maps[m
          | [1m--set-config-maps[m=[[4mKEY[m=[4mVALUE[m,...] | [1m--remove-config-maps[m=[[4mKEY[m,...]
          [1m--update-config-maps[m=[[4mKEY[m=[4mVALUE[m,...] [1m--clear-secrets[m
          | [1m--set-secrets[m=[[4mKEY[m=[4mVALUE[m,...]
          | [1m--remove-secrets[m=[[4mKEY[m,...] [1m--update-secrets[m=[[4mKEY[m=[4mVALUE[m,...]]
        [[1m--image[m=[4mIMAGE[m | [1m--source[m=[4mSOURCE[m]
        [[1m--[no-]allow-unauthenticated[m [1m--clear-vpc-connector[m
          [1m--revision-suffix[m=[4mREVISION_SUFFIX[m [1m--vpc-connector[m=[4mVPC_CONNECTOR[m
          [1m--vpc-egress[m=[4mVPC_EGRESS[m
          [1m--add-cloudsql-instances[m=[[4mCLOUDSQL-INSTANCES[m,...]
          | [1m--clear-cloudsql-instances[m
          | [1m--remove-cloudsql-instances[m=[[4mCLOUDSQL-INSTANCES[m,...]
          | [1m--set-cloudsql-instances[m=[[4mCLOUDSQL-INSTANCES[m,...]]
        [[1m--region[m=[4mREGION[m
          | [1m--cluster[m=[4mCLUSTER[m [1m--cluster-location[m=[4mCLUSTER_LOCATION[m
          | [1m--context[m=[4mCONTEXT[m [1m--kubeconfig[m=[4mKUBECONFIG[m] [[4mGCLOUD_WIDE_FLAG ...[m]

[m[1mDESCRIPTION[m
    Deploys container images to Google Cloud Run.

[m[1mEXAMPLES[m
    To deploy a container to the service [1mmy-backend[m on Cloud Run:

        $ gcloud run deploy my-backend --image=gcr.io/my/image

    You may also omit the service name. Then a prompt will be displayed with a
    suggested default value:

        $ gcloud run deploy --image=gcr.io/my/image

    To deploy to Cloud Run on Kubernetes Engine, you need to specify a cluster:

        $ gcloud run deploy --image=gcr.io/my/image --cluster=my-cluster

[m[1mPOSITIONAL ARGUMENTS[m
     Service resource - Service to deploy to. The arguments in this group can
     be used to specify the attributes of this resource.

       [[4mSERVICE[m]
          ID of the service or fully qualified identifier for the service. To
          set the [1mservice[m attribute:
          ▸ provide the argument [1mSERVICE[m on the command line;
          ▸ specify the service name from an interactive prompt.

       [1m--namespace[m=[4mNAMESPACE[m
          Specific to Cloud Run for Anthos: Kubernetes namespace for the
          service. To set the [1mnamespace[m attribute:
          ▸ provide the argument [1mSERVICE[m on the command line with a fully
            specified name;
          ▸ specify the service name from an interactive prompt with a fully
            specified name;
          ▸ provide the argument [1m--namespace[m on the command line;
          ▸ set the property [1mrun/namespace[m;
          ▸ For Cloud Run on Kubernetes Engine, defaults to "default".
            Otherwise, defaults to project ID.;
          ▸ provide the argument [1mproject[m on the command line;
          ▸ set the property [1mcore/project[m.

[m[1mFLAGS[m
     [1m--args[m=[[4mARG[m,...]
        Comma-separated arguments passed to the command run by the container
        image. If not specified and no '--command' is provided, the container
        image's default Cmd is used. Otherwise, if not specified, no arguments
        are passed. To reset this field to its default, pass an empty string.

     [1m--async[m
        Return immediately, without waiting for the operation in progress to
        complete.

     [1m--command[m=[[4mCOMMAND[m,...]
        Entrypoint for the container image. If not specified, the container
        image's default Entrypoint is run. To reset this field to its default,
        pass an empty string.

     [1m--concurrency[m=[4mCONCURRENCY[m
        Set the maximum number of concurrent requests allowed per container
        instance. Leave concurrency unspecified or provide the special value
        'default' to receive the server default value.

     [1m--cpu[m=[4mCPU[m
        Set a CPU limit in Kubernetes cpu units.

        Cloud Run (fully managed) supports values 1, 2 and 4. For Cloud Run
        (fully managed), 4 cpus also requires a minimum 2Gi [1m--memory[m value.
        Examples 2, 2.0, 2000m

        Cloud Run for Anthos and Knative-compatible Kubernetes clusters support
        fractional values. Examples .5, 500m, 2

     [1m--ingress[m=[4mINGRESS[m; default="all"
        Set the ingress traffic sources allowed to call the service. For Cloud
        Run (fully managed) the [1m--[no-]allow-unauthenticated[m flag separately
        controls the identities allowed to call the service. [4mINGRESS[m must be
        one of:

         [1mall[m
            Inbound requests from all sources are allowed.
         [1minternal[m
            For Cloud Run (fully managed), only inbound requests from VPC
            networks in the same project or VPC Service Controls perimeter, as
            well as Pub/Sub subscriptions and Eventarc events in the same
            project or VPC Service Controls perimeter are allowed. All other
            requests are rejected. See
            https://cloud.google.com/run/docs/securing/ingress for full details
            on the definition of internal traffic for Cloud Run (fully
            managed). For Cloud Run for Anthos, only inbound requests from the
            same cluster are allowed.

         [1minternal-and-cloud-load-balancing[m
            Only supported for Cloud Run (fully managed). Only inbound requests
            from Google Cloud Load Balancing or a traffic source allowed by the
            internal option are allowed.

     [1m--max-instances[m=[4mMAX_INSTANCES[m
        The maximum number of container instances of the Service to run. Use
        'default' to unset the limit and use the platform default.

     [1m--memory[m=[4mMEMORY[m
        Set a memory limit. Ex: 1024Mi, 4Gi.

     [1m--min-instances[m=[4mMIN_INSTANCES[m
        The minimum number of container instances of the Service to run or
        'default' to remove any minimum.

     [1m--platform[m=[4mPLATFORM[m; default="managed"
        Target platform for running commands. Alternatively, set the property
        [run/platform]. [4mPLATFORM[m must be one of:

         [1mmanaged[m
            Fully managed version of Cloud Run. Use with the [1m--region[m flag or
            set the [run/region] property to specify a Cloud Run region.
         [1mgke[m
            Cloud Run for Anthos on Google Cloud. Use with the [1m--cluster[m and
            [1m--cluster-location[m flags or set the [run/cluster] and
            [run/cluster_location] properties to specify a cluster in a given
            zone.
         [1mkubernetes[m
            Use a Knative-compatible kubernetes cluster. Use with the
            [1m--kubeconfig[m and [1m--context[m flags to specify a kubeconfig file and
            the context for connecting.

     [1m--port[m=[4mPORT[m
        Container port to receive requests at. Also sets the $PORT environment
        variable. Must be a number between 1 and 65535, inclusive. To unset
        this field, pass the special value "default".

     [1m--service-account[m=[4mSERVICE_ACCOUNT[m
        Service account associated with the revision of the service. The
        service account represents the identity of the running revision, and
        determines what permissions the revision has. For the managed platform,
        this is the email address of an IAM service account. For the
        Kubernetes-based platforms (gke, kubernetes), this is the name of a
        Kubernetes service account in the same namespace as the service. If not
        provided, the revision will use the default service account of the
        project, or default Kubernetes namespace service account respectively.

     [1m--tag[m=[4mTAG[m
        Traffic tag to assign to the newly created revision.

     [1m--timeout[m=[4mTIMEOUT[m
        Set the maximum request execution time (timeout). It is specified as a
        duration; for example, "10m5s" is ten minutes, and five seconds. If you
        don't specify a unit, seconds is assumed. For example, "10" is 10
        seconds.

     [1m--no-traffic[m
        True to avoid sending traffic to the revision being deployed. Setting
        this flag assigns any traffic assigned to the LATEST revision to the
        specific revision bound to LATEST before the deployment. The effect is
        that the revision being deployed will not receive traffic.

        After a deployment with this flag the LATEST revision will not receive
        traffic on future deployments. To restore sending traffic to the LATEST
        revision by default, run the [1mgcloud run services update-traffic[m command
        with [1m--to-latest[m.

     [1m--[no-]use-http2[m
        Whether to use HTTP/2 for connections to the service. Use [1m--use-http2[m
        to enable and [1m--no-use-http2[m to disable.

     At most one of these may be specified:

       [1m--clear-env-vars[m
          Remove all environment variables.

       [1m--set-env-vars[m=[[4mKEY[m=[4mVALUE[m,...]
          List of key-value pairs to set as environment variables. All existing
          environment variables will be removed first.

       Only --update-env-vars and --remove-env-vars can be used together. If
       both are specified, --remove-env-vars will be applied first.

         [1m--remove-env-vars[m=[[4mKEY[m,...]
            List of environment variables to be removed.

         [1m--update-env-vars[m=[[4mKEY[m=[4mVALUE[m,...]
            List of key-value pairs to set as environment variables.

     At most one of these may be specified:

       [1m--clear-labels[m
          Remove all labels. If [1m--update-labels[m is also specified then
          [1m--clear-labels[m is applied first.

          For example, to remove all labels:

              $ gcloud run deploy --clear-labels

          To remove all existing labels and create two new labels, [1m[1;4mfoo[1m[m and [1m[1;4mbaz[1m[m:

              $ gcloud run deploy --clear-labels --update-labels foo=bar,baz=qux

       [1m--remove-labels[m=[[4mKEY[m,...]
          List of label keys to remove. If a label does not exist it is
          silently ignored. If [1m--update-labels[m is also specified then
          [1m--update-labels[m is applied first.

     At most one of these may be specified:

       [1m--labels[m=[[4mKEY[m=[4mVALUE[m,...]
          List of label KEY=VALUE pairs to add.

          An alias to --update-labels.

       [1m--update-labels[m=[[4mKEY[m=[4mVALUE[m,...]
          List of label KEY=VALUE pairs to update. If a label exists, its value
          is modified. Otherwise, a new label is created.

     Only applicable if connecting to Cloud Run for Anthos deployed on Google
     Cloud or Cloud Run for Anthos deployed on VMware. Specify [1m--platform=gke[m
     or [1m--platform=kubernetes[m to use:

       [1m--connectivity[m=[4mCONNECTIVITY[m
          (DEPRECATED) Defaults to 'external'. If 'external', the service can
          be invoked through the internet, in addition to through the cluster
          network.

          The --connectivity flag is deprecated but will continue to be
          supported. Prefer to use the --ingress flag instead. [4mCONNECTIVITY[m
          must be one of:

           [1mexternal[m
              Visible from outside the cluster.
           [1minternal[m
              Visible only within the cluster.

       Specify config map to mount or provide as environment variables. Keys
       starting with a forward slash '/' are mount paths. All other keys
       correspond to environment variables. The values associated with each of
       these should be in the form CONFIG_MAP_NAME:KEY_IN_CONFIG_MAP; you may
       omit the key within the config map to specify a mount of all keys within
       the config map. For example:
       '--update-config-maps=/my/path=myconfig,ENV=otherconfig:key.json' will
       create a volume with config map 'myconfig' and mount that volume at
       '/my/path'. Because no config map key was specified, all keys in
       'myconfig' will be included. An environment variable named ENV will also
       be created whose value is the value of 'key.json' in 'otherconfig'.

       At most one of these may be specified:

         [1m--clear-config-maps[m
            Remove all config-maps.

         [1m--set-config-maps[m=[[4mKEY[m=[4mVALUE[m,...]
            List of key-value pairs to set as config-maps. All existing
            config-maps will be removed first.

         Only --update-config-maps and --remove-config-maps can be used
         together. If both are specified, --remove-config-maps will be applied
         first.

           [1m--remove-config-maps[m=[[4mKEY[m,...]
              List of config-maps to be removed.

           [1m--update-config-maps[m=[[4mKEY[m=[4mVALUE[m,...]
              List of key-value pairs to set as config-maps.

       Specify secrets to mount or provide as environment variables. Keys
       starting with a forward slash '/' are mount paths. All other keys
       correspond to environment variables. Values should be in the form
       SECRET_NAME:SECRET_VERSION. For example:
       '--update-secrets=/secrets/api/key=mysecret:latest,ENV=othersecret:1'
       will mount a volume at '/secrets/api' containing a file 'key' with the
       latest version of secret 'mysecret'. An environment variable named ENV
       will also be created whose value is version 1 of secret 'othersecret'.

       At most one of these may be specified:

         [1m--clear-secrets[m
            Remove all secrets.

         [1m--set-secrets[m=[[4mKEY[m=[4mVALUE[m,...]
            List of key-value pairs to set as secrets. All existing secrets
            will be removed first.

         Only --update-secrets and --remove-secrets can be used together. If
         both are specified, --remove-secrets will be applied first.

           [1m--remove-secrets[m=[[4mKEY[m,...]
              List of secrets to be removed.

           [1m--update-secrets[m=[[4mKEY[m=[4mVALUE[m,...]
              List of key-value pairs to set as secrets.

     At most one of these may be specified:

       [1m--image[m=[4mIMAGE[m
          Name of the container image to deploy (e.g.
          [1mgcr.io/cloudrun/hello:latest[m).

       [1m--source[m=[4mSOURCE[m
          The location of the source to build. If a Dockerfile is present in
          the source code directory, it will be built using that Dockerfile,
          otherwise it will use Google Cloud buildpacks. See
          https://cloud.google.com/run/docs/deploying-source-code for more
          details. The location can be a directory on a local disk or a gzipped
          archive file (.tar.gz) in Google Cloud Storage. If the source is a
          local directory, this command skips the files specified in the
          [1m--ignore-file[m. If [1m--ignore-file[m is not specified, use[1m.gcloudignore[m
          file. If a [1m.gcloudignore[m file is absent and a [1m.gitignore[m file is
          present in the local source directory, gcloud will use a generated
          Git-compatible [1m.gcloudignore[m file that respects your .gitignored
          files. The global [1m.gitignore[m is not respected. For more information
          on [1m.gcloudignore[m, see [1mgcloud topic gcloudignore[m.

     Only applicable if connecting to Cloud Run (fully managed). Specify
     [1m--platform=managed[m to use:

       [1m--[no-]allow-unauthenticated[m
          Whether to enable allowing unauthenticated access to the service.
          This may take a few moments to take effect. Use
          [1m--allow-unauthenticated[m to enable and [1m--no-allow-unauthenticated[m to
          disable.

       [1m--clear-vpc-connector[m
          Remove the VPC connector for this resource.

       [1m--revision-suffix[m=[4mREVISION_SUFFIX[m
          Specify the suffix of the revision name. Revision names always start
          with the service name automatically. For example, specifying
          [--revision-suffix=v1] for a service named 'helloworld', would lead
          to a revision named 'helloworld-v1'.

       [1m--vpc-connector[m=[4mVPC_CONNECTOR[m
          Set a VPC connector for this resource.

       [1m--vpc-egress[m=[4mVPC_EGRESS[m
          The outbound traffic to send through the VPC connector for this
          resource. This resource must have a VPC connector to set VPC egress.
          [4mVPC_EGRESS[m must be one of:

           [1mall[m
              (DEPRECATED) Sends all outbound traffic through the VPC
              connector. Provides the same functionality as 'all-traffic'.
              Prefer to use 'all-traffic' instead.
           [1mall-traffic[m
              Sends all outbound traffic through the VPC connector.
           [1mprivate-ranges-only[m
              Default option. Sends outbound traffic to private IP addresses
              defined by RFC1918 through the VPC connector.

       These flags modify the Cloud SQL instances this Service connects to. You
       can specify a name of a Cloud SQL instance if it's in the same project
       and region as your Cloud Run service; otherwise specify
       <project>:<region>:<instance> for the instance.

       At most one of these may be specified:

         [1m--add-cloudsql-instances[m=[[4mCLOUDSQL-INSTANCES[m,...]
            Append the given values to the current Cloud SQL instances.

         [1m--clear-cloudsql-instances[m
            Empty the current Cloud SQL instances.

         [1m--remove-cloudsql-instances[m=[[4mCLOUDSQL-INSTANCES[m,...]
            Remove the given values from the current Cloud SQL instances.

         [1m--set-cloudsql-instances[m=[[4mCLOUDSQL-INSTANCES[m,...]
            Completely replace the current Cloud SQL instances with the given
            values.

     Arguments to locate resources, depending on the platform used.

     At most one of these may be specified:

       Only applicable if connecting to Cloud Run (fully managed). Specify
       [1m--platform=managed[m to use:

         [1m--region[m=[4mREGION[m
            Region in which the resource can be found. Alternatively, set the
            property [run/region].

       Only applicable if connecting to Cloud Run for Anthos deployed on Google
       Cloud. Specify [1m--platform=gke[m to use:

         Cluster resource - Kubernetes Engine cluster to connect to. The
         arguments in this group can be used to specify the attributes of this
         resource. (NOTE) Some attributes are not given arguments in this group
         but can be set in other ways. To set the [1mproject[m attribute:
          ▫ provide the argument [1m--cluster[m on the command line with a fully
            specified name;
          ▫ set the property [1mrun/cluster[m with a fully specified name;
          ▫ specify the cluster from a list of available clusters with a
            fully specified name;
          ▫ provide the argument [1m--project[m on the command line;
          ▫ set the property [1mcore/project[m.

           [1m--cluster[m=[4mCLUSTER[m
              ID of the cluster or fully qualified identifier for the cluster.
              To set the [1mcluster[m attribute:
              ◇ provide the argument [1m--cluster[m on the command line;
              ◇ set the property [1mrun/cluster[m;
              ◇ specify the cluster from a list of available clusters.

           [1m--cluster-location[m=[4mCLUSTER_LOCATION[m
              Zone in which the cluster is located. Alternatively, set the
              property [run/cluster_location]. To set the [1mlocation[m attribute:
              ◇ provide the argument [1m--cluster[m on the command line with a
                fully specified name;
              ◇ set the property [1mrun/cluster[m with a fully specified name;
              ◇ specify the cluster from a list of available clusters with a
                fully specified name;
              ◇ provide the argument [1m--cluster-location[m on the command line;
              ◇ set the property [1mrun/cluster_location[m;
              ◇ specify the cluster location from a list of available zones.

       Only applicable if connecting to Cloud Run for Anthos deployed on
       VMware. Specify [1m--platform=kubernetes[m to use:

         [1m--context[m=[4mCONTEXT[m
            The name of the context in your kubectl config file to use for
            connecting.

         [1m--kubeconfig[m=[4mKUBECONFIG[m
            The absolute path to your kubectl config file. If not specified,
            the colon- or semicolon-delimited list of paths specified by
            $KUBECONFIG will be used. If $KUBECONFIG is unset, this defaults to
            [1m~/.kube/config[m.

[m[1mGCLOUD WIDE FLAGS[m
    These flags are available to all commands: --account, --billing-project,
    --configuration, --flags-file, --flatten, --format, --help,
    --impersonate-service-account, --log-http, --project, --quiet,
    --trace-token, --user-output-enabled, --verbosity.

    Run [1m$ gcloud help[m for details.
[m
