2021-07-07 13:04:54,396 ERROR    root            (gcloud) Command name argument expected.
2021-07-07 13:04:54,398 DEBUG    root            Loaded Command Group: ['gcloud', 'database_migration']
2021-07-07 13:04:54,401 DEBUG    root            Loaded Command Group: ['gcloud', 'game']
2021-07-07 13:04:54,403 DEBUG    root            Loaded Command Group: ['gcloud', 'scheduler']
2021-07-07 13:04:54,411 DEBUG    root            Loaded Command Group: ['gcloud', 'init']
2021-07-07 13:04:54,416 DEBUG    root            Loaded Command Group: ['gcloud', 'debug']
2021-07-07 13:04:54,418 DEBUG    root            No implementation for release track [GA] for element: [/usr/local/Caskroom/google-cloud-sdk/latest/google-cloud-sdk/lib/surface/essential_contacts]
2021-07-07 13:04:54,419 DEBUG    root            No implementation for release track [GA] for element: [/usr/local/Caskroom/google-cloud-sdk/latest/google-cloud-sdk/lib/surface/network_services]
2021-07-07 13:04:54,420 DEBUG    root            No implementation for release track [GA] for element: [/usr/local/Caskroom/google-cloud-sdk/latest/google-cloud-sdk/lib/surface/network_security]
2021-07-07 13:04:54,421 DEBUG    root            No implementation for release track [GA] for element: [/usr/local/Caskroom/google-cloud-sdk/latest/google-cloud-sdk/lib/surface/trace]
2021-07-07 13:04:54,422 DEBUG    root            No implementation for release track [GA] for element: [/usr/local/Caskroom/google-cloud-sdk/latest/google-cloud-sdk/lib/surface/blueprints]
2021-07-07 13:04:54,423 DEBUG    root            No implementation for release track [GA] for element: [/usr/local/Caskroom/google-cloud-sdk/latest/google-cloud-sdk/lib/surface/error_reporting]
2021-07-07 13:04:54,424 DEBUG    root            Loaded Command Group: ['gcloud', 'sql']
2021-07-07 13:04:54,428 DEBUG    root            Loaded Command Group: ['gcloud', 'logging']
2021-07-07 13:04:54,432 DEBUG    root            No implementation for release track [GA] for element: [/usr/local/Caskroom/google-cloud-sdk/latest/google-cloud-sdk/lib/surface/policy_intelligence]
2021-07-07 13:04:54,433 DEBUG    root            Loaded Command Group: ['gcloud', 'eventarc']
2021-07-07 13:04:54,435 DEBUG    root            No implementation for release track [GA] for element: [/usr/local/Caskroom/google-cloud-sdk/latest/google-cloud-sdk/lib/surface/lifesciences]
2021-07-07 13:04:54,437 DEBUG    root            No implementation for release track [GA] for element: [/usr/local/Caskroom/google-cloud-sdk/latest/google-cloud-sdk/lib/surface/dlp]
2021-07-07 13:04:54,438 DEBUG    root            Loaded Command Group: ['gcloud', 'apigee']
2021-07-07 13:04:54,441 DEBUG    root            Loaded Command Group: ['gcloud', 'healthcare']
2021-07-07 13:04:54,444 DEBUG    root            Loaded Command Group: ['gcloud', 'access_context_manager']
2021-07-07 13:04:54,448 DEBUG    root            Loaded Command Group: ['gcloud', 'org_policies']
2021-07-07 13:04:54,450 DEBUG    root            Loaded Command Group: ['gcloud', 'firestore']
2021-07-07 13:04:54,453 DEBUG    root            Loaded Command Group: ['gcloud', 'iam']
2021-07-07 13:04:54,465 DEBUG    root            Loaded Command Group: ['gcloud', 'container']
2021-07-07 13:04:54,467 DEBUG    root            No implementation for release track [GA] for element: [/usr/local/Caskroom/google-cloud-sdk/latest/google-cloud-sdk/lib/surface/commerce_procurement]
2021-07-07 13:04:54,469 DEBUG    root            No implementation for release track [GA] for element: [/usr/local/Caskroom/google-cloud-sdk/latest/google-cloud-sdk/lib/surface/labelmanager]
2021-07-07 13:04:54,470 DEBUG    root            Loaded Command Group: ['gcloud', 'identity']
2021-07-07 13:04:54,472 DEBUG    root            Loaded Command Group: ['gcloud', 'domains']
2021-07-07 13:04:54,474 DEBUG    root            Loaded Command Group: ['gcloud', 'network_management']
2021-07-07 13:04:54,477 DEBUG    root            Loaded Command Group: ['gcloud', 'spanner']
2021-07-07 13:04:54,480 DEBUG    root            Loaded Command Group: ['gcloud', 'deployment_manager']
2021-07-07 13:04:54,482 DEBUG    root            Loaded Command Group: ['gcloud', 'topic']
2021-07-07 13:04:54,484 DEBUG    root            Loaded Command Group: ['gcloud', 'dns']
2021-07-07 13:04:54,489 DEBUG    root            No implementation for release track [GA] for element: [/usr/local/Caskroom/google-cloud-sdk/latest/google-cloud-sdk/lib/surface/storage]
2021-07-07 13:04:54,524 DEBUG    root            No implementation for release track [GA] for element: [/usr/local/Caskroom/google-cloud-sdk/latest/google-cloud-sdk/lib/surface/events]
2021-07-07 13:04:54,526 DEBUG    root            No implementation for release track [GA] for element: [/usr/local/Caskroom/google-cloud-sdk/latest/google-cloud-sdk/lib/surface/vmware]
2021-07-07 13:04:54,527 DEBUG    root            Loaded Command Group: ['gcloud', 'bigtable']
2021-07-07 13:04:54,529 DEBUG    root            Loaded Command Group: ['gcloud', 'cloud_shell']
2021-07-07 13:04:54,531 DEBUG    root            Loaded Command Group: ['gcloud', 'iap']
2021-07-07 13:04:54,533 DEBUG    root            Loaded Command Group: ['gcloud', 'composer']
2021-07-07 13:04:54,536 DEBUG    root            Loaded Command Group: ['gcloud', 'config']
2021-07-07 13:04:54,539 DEBUG    root            No implementation for release track [GA] for element: [/usr/local/Caskroom/google-cloud-sdk/latest/google-cloud-sdk/lib/surface/dialogflow]
2021-07-07 13:04:54,540 DEBUG    root            Loaded Command Group: ['gcloud', 'secrets']
2021-07-07 13:04:54,548 DEBUG    root            Loaded Command Group: ['gcloud', 'docker']
2021-07-07 13:04:54,550 DEBUG    root            No implementation for release track [GA] for element: [/usr/local/Caskroom/google-cloud-sdk/latest/google-cloud-sdk/lib/surface/certificate_manager]
2021-07-07 13:04:54,550 DEBUG    root            Loaded Command Group: ['gcloud', 'assured']
2021-07-07 13:04:54,553 DEBUG    root            Loaded Command Group: ['gcloud', 'projects']
2021-07-07 13:04:54,555 DEBUG    root            No implementation for release track [GA] for element: [/usr/local/Caskroom/google-cloud-sdk/latest/google-cloud-sdk/lib/surface/publicca]
2021-07-07 13:04:54,556 DEBUG    root            Loaded Command Group: ['gcloud', 'scc']
2021-07-07 13:04:54,559 DEBUG    root            Loaded Command Group: ['gcloud', 'recommender']
2021-07-07 13:04:54,562 DEBUG    root            No implementation for release track [GA] for element: [/usr/local/Caskroom/google-cloud-sdk/latest/google-cloud-sdk/lib/surface/resource_config]
2021-07-07 13:04:54,563 DEBUG    root            Loaded Command Group: ['gcloud', 'billing']
2021-07-07 13:04:54,566 DEBUG    root            Loaded Command Group: ['gcloud', 'firebase']
2021-07-07 13:04:54,567 DEBUG    root            Loaded Command Group: ['gcloud', 'app']
2021-07-07 13:04:54,571 DEBUG    root            Loaded Command Group: ['gcloud', 'version']
2021-07-07 13:04:54,572 DEBUG    root            Loaded Command Group: ['gcloud', 'organizations']
2021-07-07 13:04:54,574 DEBUG    root            Loaded Command Group: ['gcloud', 'artifacts']
2021-07-07 13:04:54,674 DEBUG    root            No implementation for release track [GA] for element: [/usr/local/Caskroom/google-cloud-sdk/latest/google-cloud-sdk/lib/surface/interactive]
2021-07-07 13:04:54,681 DEBUG    root            Loaded Command Group: ['gcloud', 'help']
2021-07-07 13:04:54,683 DEBUG    root            Loaded Command Group: ['gcloud', 'tasks']
2021-07-07 13:04:54,685 DEBUG    root            Loaded Command Group: ['gcloud', 'privateca']
2021-07-07 13:04:54,688 DEBUG    root            No implementation for release track [GA] for element: [/usr/local/Caskroom/google-cloud-sdk/latest/google-cloud-sdk/lib/surface/access_approval]
2021-07-07 13:04:54,689 DEBUG    root            No implementation for release track [GA] for element: [/usr/local/Caskroom/google-cloud-sdk/latest/google-cloud-sdk/lib/surface/alloydb]
2021-07-07 13:04:54,693 DEBUG    root            Loaded Command Group: ['gcloud', 'functions']
2021-07-07 13:04:54,717 DEBUG    root            Loaded Command Group: ['gcloud', 'api_gateway']
2021-07-07 13:04:54,720 DEBUG    root            Loaded Command Group: ['gcloud', 'anthos']
2021-07-07 13:04:54,723 DEBUG    root            No implementation for release track [GA] for element: [/usr/local/Caskroom/google-cloud-sdk/latest/google-cloud-sdk/lib/surface/runtime_config]
2021-07-07 13:04:54,726 DEBUG    root            Loaded Command Group: ['gcloud', 'builds']
2021-07-07 13:04:54,731 DEBUG    root            No implementation for release track [GA] for element: [/usr/local/Caskroom/google-cloud-sdk/latest/google-cloud-sdk/lib/surface/code]
2021-07-07 13:04:54,732 DEBUG    root            Loaded Command Group: ['gcloud', 'dataproc']
2021-07-07 13:04:54,737 DEBUG    root            Loaded Command Group: ['gcloud', 'feedback']
2021-07-07 13:04:54,739 DEBUG    root            No implementation for release track [GA] for element: [/usr/local/Caskroom/google-cloud-sdk/latest/google-cloud-sdk/lib/surface/data_fusion]
2021-07-07 13:04:54,740 DEBUG    root            Loaded Command Group: ['gcloud', 'service_directory']
2021-07-07 13:04:54,742 DEBUG    root            Loaded Command Group: ['gcloud', 'components']
2021-07-07 13:04:54,745 DEBUG    root            Loaded Command Group: ['gcloud', 'resource_settings']
2021-07-07 13:04:54,747 DEBUG    root            No implementation for release track [GA] for element: [/usr/local/Caskroom/google-cloud-sdk/latest/google-cloud-sdk/lib/surface/transcoder]
2021-07-07 13:04:54,747 DEBUG    root            Loaded Command Group: ['gcloud', 'policy_troubleshoot']
2021-07-07 13:04:54,749 DEBUG    root            No implementation for release track [GA] for element: [/usr/local/Caskroom/google-cloud-sdk/latest/google-cloud-sdk/lib/surface/ids]
2021-07-07 13:04:54,749 DEBUG    root            Loaded Command Group: ['gcloud', 'ml_engine']
2021-07-07 13:04:54,752 DEBUG    root            Loaded Command Group: ['gcloud', 'resource_manager']
2021-07-07 13:04:54,753 DEBUG    root            Loaded Command Group: ['gcloud', 'meta']
2021-07-07 13:04:54,755 DEBUG    root            Loaded Command Group: ['gcloud', 'kms']
2021-07-07 13:04:54,758 DEBUG    root            Loaded Command Group: ['gcloud', 'run']
2021-07-07 13:04:54,761 DEBUG    root            Loaded Command Group: ['gcloud', 'metastore']
2021-07-07 13:04:54,763 DEBUG    root            Loaded Command Group: ['gcloud', 'edge_cache']
2021-07-07 13:04:54,765 DEBUG    root            Loaded Command Group: ['gcloud', 'active_directory']
2021-07-07 13:04:54,767 DEBUG    root            Loaded Command Group: ['gcloud', 'asset']
2021-07-07 13:04:54,831 DEBUG    root            Loaded Command Group: ['gcloud', 'compute']
2021-07-07 13:04:54,845 DEBUG    root            Loaded Command Group: ['gcloud', 'survey']
2021-07-07 13:04:54,846 DEBUG    root            No implementation for release track [GA] for element: [/usr/local/Caskroom/google-cloud-sdk/latest/google-cloud-sdk/lib/surface/web_security_scanner]
2021-07-07 13:04:54,848 DEBUG    root            No implementation for release track [GA] for element: [/usr/local/Caskroom/google-cloud-sdk/latest/google-cloud-sdk/lib/surface/kuberun]
2021-07-07 13:04:54,849 DEBUG    root            Loaded Command Group: ['gcloud', 'filestore']
2021-07-07 13:04:54,851 DEBUG    root            Loaded Command Group: ['gcloud', 'datastore']
2021-07-07 13:04:54,853 DEBUG    root            No implementation for release track [GA] for element: [/usr/local/Caskroom/google-cloud-sdk/latest/google-cloud-sdk/lib/surface/edge_container]
2021-07-07 13:04:54,854 DEBUG    root            No implementation for release track [GA] for element: [/usr/local/Caskroom/google-cloud-sdk/latest/google-cloud-sdk/lib/surface/deploy]
2021-07-07 13:04:54,855 DEBUG    root            Loaded Command Group: ['gcloud', 'pubsub']
2021-07-07 13:04:54,858 DEBUG    root            Loaded Command Group: ['gcloud', 'source']
2021-07-07 13:04:54,860 DEBUG    root            Loaded Command Group: ['gcloud', 'data_catalog']
2021-07-07 13:04:54,863 DEBUG    root            No implementation for release track [GA] for element: [/usr/local/Caskroom/google-cloud-sdk/latest/google-cloud-sdk/lib/surface/network_connectivity]
2021-07-07 13:04:54,864 DEBUG    root            Loaded Command Group: ['gcloud', 'emulators']
2021-07-07 13:04:54,866 DEBUG    root            Loaded Command Group: ['gcloud', 'endpoints']
2021-07-07 13:04:54,867 DEBUG    root            Loaded Command Group: ['gcloud', 'ai']
2021-07-07 13:04:54,870 DEBUG    root            No implementation for release track [GA] for element: [/usr/local/Caskroom/google-cloud-sdk/latest/google-cloud-sdk/lib/surface/bq]
2021-07-07 13:04:54,870 DEBUG    root            Loaded Command Group: ['gcloud', 'ai_platform']
2021-07-07 13:04:54,872 DEBUG    root            No implementation for release track [GA] for element: [/usr/local/Caskroom/google-cloud-sdk/latest/google-cloud-sdk/lib/surface/genomics]
2021-07-07 13:04:54,873 DEBUG    root            Loaded Command Group: ['gcloud', 'redis']
2021-07-07 13:04:54,875 DEBUG    root            Loaded Command Group: ['gcloud', 'services']
2021-07-07 13:04:54,878 DEBUG    root            Loaded Command Group: ['gcloud', 'notebooks']
2021-07-07 13:04:54,880 DEBUG    root            Loaded Command Group: ['gcloud', 'cheat_sheet']
2021-07-07 13:04:54,882 DEBUG    root            Loaded Command Group: ['gcloud', 'monitoring']
2021-07-07 13:04:54,885 DEBUG    root            No implementation for release track [GA] for element: [/usr/local/Caskroom/google-cloud-sdk/latest/google-cloud-sdk/lib/surface/admin_service_cluster]
2021-07-07 13:04:54,885 DEBUG    root            No implementation for release track [GA] for element: [/usr/local/Caskroom/google-cloud-sdk/latest/google-cloud-sdk/lib/surface/remote_build_execution]
2021-07-07 13:04:54,886 DEBUG    root            Loaded Command Group: ['gcloud', 'auth']
2021-07-07 13:04:54,890 DEBUG    root            No implementation for release track [GA] for element: [/usr/local/Caskroom/google-cloud-sdk/latest/google-cloud-sdk/lib/surface/transfer]
2021-07-07 13:04:54,892 DEBUG    root            Loaded Command Group: ['gcloud', 'info']
2021-07-07 13:04:54,894 DEBUG    root            Loaded Command Group: ['gcloud', 'dataflow']
2021-07-07 13:04:54,897 DEBUG    root            No implementation for release track [GA] for element: [/usr/local/Caskroom/google-cloud-sdk/latest/google-cloud-sdk/lib/surface/recaptcha]
2021-07-07 13:04:54,898 DEBUG    root            Loaded Command Group: ['gcloud', 'iot']
2021-07-07 13:04:54,900 DEBUG    root            Loaded Command Group: ['gcloud', 'ml']
2021-07-07 13:04:54,902 DEBUG    root            Loaded Command Group: ['gcloud', 'memcache']
2021-07-07 13:04:54,904 DEBUG    root            No implementation for release track [GA] for element: [/usr/local/Caskroom/google-cloud-sdk/latest/google-cloud-sdk/lib/surface/datastream]
2021-07-07 13:04:54,904 DEBUG    root            Loaded Command Group: ['gcloud', 'workspace_add_ons']
2021-07-07 13:04:54,906 DEBUG    root            Loaded Command Group: ['gcloud', 'workflows']
2021-07-07 13:04:54,909 DEBUG    root            No implementation for release track [GA] for element: [/usr/local/Caskroom/google-cloud-sdk/latest/google-cloud-sdk/lib/surface/media]
