2021-07-07 13:09:17,321 DEBUG    root            Loaded Command Group: ['gcloud', 'auth']
2021-07-07 13:09:17,410 DEBUG    root            Loaded Command Group: ['gcloud', 'auth', 'login']
2021-07-07 13:09:17,412 DEBUG    root            Running [gcloud.auth.login] with arguments: []
2021-07-07 13:09:17,448 DEBUG    requests_oauthlib.oauth2_session Generated new state K6Wzd6g6KzcJwuYdGSUcnO9Hy282rx.
2021-07-07 13:09:17,669 INFO     ___FILE_ONLY___ Your browser has been opened to visit:

    https://accounts.google.com/o/oauth2/auth?response_type=code&client_id=32555940559.apps.googleusercontent.com&redirect_uri=http%3A%2F%2Flocalhost%3A8085%2F&scope=openid+https%3A%2F%2Fwww.googleapis.com%2Fauth%2Fuserinfo.email+https%3A%2F%2Fwww.googleapis.com%2Fauth%2Fcloud-platform+https%3A%2F%2Fwww.googleapis.com%2Fauth%2Fappengine.admin+https%3A%2F%2Fwww.googleapis.com%2Fauth%2Fcompute+https%3A%2F%2Fwww.googleapis.com%2Fauth%2Faccounts.reauth&state=K6Wzd6g6KzcJwuYdGSUcnO9Hy282rx&access_type=offline&code_challenge=s3wZoYPzWsaAtT-6MsDSJuz2LL9vKelCj9kwxgWNpjA&code_challenge_method=S256


2021-07-07 13:09:25,746 INFO     google_auth_oauthlib.flow "GET /?state=K6Wzd6g6KzcJwuYdGSUcnO9Hy282rx&code=4/0AX4XfWgZAZT_VdfyzHFArYRlY-WePXBeWVJVXWWIezFztcXmP-Vf9VyYme_AASzTzHD4rw&scope=email%20openid%20https://www.googleapis.com/auth/userinfo.email%20https://www.googleapis.com/auth/cloud-platform%20https://www.googleapis.com/auth/appengine.admin%20https://www.googleapis.com/auth/compute%20https://www.googleapis.com/auth/accounts.reauth&authuser=0&hd=deanware.com&prompt=consent HTTP/1.1" 200 959
2021-07-07 13:09:25,747 DEBUG    requests_oauthlib.oauth2_session Requesting url https://oauth2.googleapis.com/token using method POST.
2021-07-07 13:09:25,748 DEBUG    requests_oauthlib.oauth2_session Supplying headers {b'Accept': b'application/json', b'Content-Type': b'application/x-www-form-urlencoded;charset=UTF-8', b'user-agent': b'google-cloud-sdk gcloud/347.0.0 command/gcloud.auth.login invocation-id/22cd7929be6a4f14a2d07078abc38dbd environment/None environment-version/None interactive/True from-script/False python/3.9.6 term/xterm-256color (Macintosh; Intel Mac OS X 20.5.0)'} and data {'grant_type': 'authorization_code', 'client_id': '32555940559.apps.googleusercontent.com', 'client_secret': 'ZmssLNjJy2998hD4CTg2ejr2', 'code': '4/0AX4XfWgZAZT_VdfyzHFArYRlY-WePXBeWVJVXWWIezFztcXmP-Vf9VyYme_AASzTzHD4rw', 'redirect_uri': 'http://localhost:8085/', 'code_verifier': '62UTFezlYsjNVQwxqg5ODvClEbYwVm97A812ZzxffGAH.vp9TDnJx4FjbBbuPVp5yCYBrh0LGHFrHWgE8ECfa8iebI3khOgar-eaKeF4DZSjSMOp.W8swlLUfNx~oaHZ'}
2021-07-07 13:09:25,748 DEBUG    requests_oauthlib.oauth2_session Passing through key word arguments {'json': None, 'timeout': None, 'auth': None, 'verify': True, 'proxies': None}.
2021-07-07 13:09:25,778 DEBUG    urllib3.connectionpool Starting new HTTPS connection (1): oauth2.googleapis.com:443
2021-07-07 13:09:26,115 DEBUG    urllib3.connectionpool https://oauth2.googleapis.com:443 "POST /token HTTP/1.1" 200 None
2021-07-07 13:09:26,116 DEBUG    requests_oauthlib.oauth2_session Prepared fetch token request body grant_type=authorization_code&client_id=32555940559.apps.googleusercontent.com&client_secret=ZmssLNjJy2998hD4CTg2ejr2&code=4%2F0AX4XfWgZAZT_VdfyzHFArYRlY-WePXBeWVJVXWWIezFztcXmP-Vf9VyYme_AASzTzHD4rw&redirect_uri=http%3A%2F%2Flocalhost%3A8085%2F&code_verifier=62UTFezlYsjNVQwxqg5ODvClEbYwVm97A812ZzxffGAH.vp9TDnJx4FjbBbuPVp5yCYBrh0LGHFrHWgE8ECfa8iebI3khOgar-eaKeF4DZSjSMOp.W8swlLUfNx~oaHZ
2021-07-07 13:09:26,116 DEBUG    requests_oauthlib.oauth2_session Request to fetch token completed with status 200.
2021-07-07 13:09:26,116 DEBUG    requests_oauthlib.oauth2_session Request headers were {'user-agent': b'google-cloud-sdk gcloud/347.0.0 command/gcloud.auth.login invocation-id/22cd7929be6a4f14a2d07078abc38dbd environment/None environment-version/None interactive/True from-script/False python/3.9.6 term/xterm-256color (Macintosh; Intel Mac OS X 20.5.0)', 'Accept-Encoding': 'gzip, deflate', 'Accept': b'application/json', 'Connection': 'keep-alive', 'Content-Type': b'application/x-www-form-urlencoded;charset=UTF-8', 'Content-Length': '387'}
2021-07-07 13:09:26,116 DEBUG    requests_oauthlib.oauth2_session Request body was grant_type=authorization_code&client_id=32555940559.apps.googleusercontent.com&client_secret=ZmssLNjJy2998hD4CTg2ejr2&code=4%2F0AX4XfWgZAZT_VdfyzHFArYRlY-WePXBeWVJVXWWIezFztcXmP-Vf9VyYme_AASzTzHD4rw&redirect_uri=http%3A%2F%2Flocalhost%3A8085%2F&code_verifier=62UTFezlYsjNVQwxqg5ODvClEbYwVm97A812ZzxffGAH.vp9TDnJx4FjbBbuPVp5yCYBrh0LGHFrHWgE8ECfa8iebI3khOgar-eaKeF4DZSjSMOp.W8swlLUfNx~oaHZ
2021-07-07 13:09:26,116 DEBUG    requests_oauthlib.oauth2_session Response headers were {'Pragma': 'no-cache', 'Date': 'Wed, 07 Jul 2021 20:09:26 GMT', 'Expires': 'Mon, 01 Jan 1990 00:00:00 GMT', 'Cache-Control': 'no-cache, no-store, max-age=0, must-revalidate', 'Content-Type': 'application/json; charset=utf-8', 'Vary': 'Origin, X-Origin, Referer', 'Content-Encoding': 'gzip', 'Server': 'scaffolding on HTTPServer2', 'X-XSS-Protection': '0', 'X-Frame-Options': 'SAMEORIGIN', 'X-Content-Type-Options': 'nosniff', 'Alt-Svc': 'h3=":443"; ma=2592000,h3-29=":443"; ma=2592000,h3-T051=":443"; ma=2592000,h3-Q050=":443"; ma=2592000,h3-Q046=":443"; ma=2592000,h3-Q043=":443"; ma=2592000,quic=":443"; ma=2592000; v="46,43"', 'Transfer-Encoding': 'chunked'} and content {
  "access_token": "ya29.a0ARrdaM9NjIL0ce4w2iLAqkGXPZOZQw_u5wB4BRkrz_gXa4nfZHObhg7tuDMtXzmzAXAJgLUMuqxYVmlZatjIVIZ7Opw472EeAIHOvHjNy8eA_IYEiUidZEQn2TPF0zsz-6N4Oz4i544kklpXnfqI0By-AhAt36fw2I5W",
  "expires_in": 3599,
  "refresh_token": "1//06ZcE42hY_agpCgYIARAAGAYSNwF-L9Irty1nLR3nVV4dKtbh7FpbsPEGZRXha5jpmQwbhvyZIz3e6aVThfj-BCiNKQ7CmNtmgFo",
  "scope": "https://www.googleapis.com/auth/userinfo.email https://www.googleapis.com/auth/accounts.reauth https://www.googleapis.com/auth/cloud-platform https://www.googleapis.com/auth/appengine.admin openid https://www.googleapis.com/auth/compute",
  "token_type": "Bearer",
  "id_token": "eyJhbGciOiJSUzI1NiIsImtpZCI6ImI2ZjhkNTVkYTUzNGVhOTFjYjJjYjAwZTFhZjRlOGUwY2RlY2E5M2QiLCJ0eXAiOiJKV1QifQ.eyJpc3MiOiJodHRwczovL2FjY291bnRzLmdvb2dsZS5jb20iLCJhenAiOiIzMjU1NTk0MDU1OS5hcHBzLmdvb2dsZXVzZXJjb250ZW50LmNvbSIsImF1ZCI6IjMyNTU1OTQwNTU5LmFwcHMuZ29vZ2xldXNlcmNvbnRlbnQuY29tIiwic3ViIjoiMTA3MTIzNzI0MDY2NjA0MjgxMDk3IiwiaGQiOiJkZWFud2FyZS5jb20iLCJlbWFpbCI6ImRlYW5AZGVhbndhcmUuY29tIiwiZW1haWxfdmVyaWZpZWQiOnRydWUsImF0X2hhc2giOiJnTmRWZlVkTGxoOUdVcFVjclF0T29nIiwiaWF0IjoxNjI1Njg4NTY2LCJleHAiOjE2MjU2OTIxNjZ9.gUvoST-pm-U7wEL1DHACqjNvb_ohYofOqskOgQb268kV0ul-jTh219vDQpS3oy_w9hBmmyzPTmfSwsA9vqKHkMWyB_71RJF3Z5p9FwfuGGkguacFpzA8SiJPJPA4mwcxBusz19ldCReLmk7bvXsZxmyv2mKuJ6TQR6RoUZJOQHyxCKCc9uamwCD6_oGlGCXa_7KCH_pmJMMOMI6UbPP9vqW2RHzCRcqEwv7LW8sBWXxTQocW7MYZsUHn2-vbr8kfLajVsIp2V_s5Qf9QdshShktq04dyxooHZmmaSiDxvHERc9iTQ2cmUE4qT_srHmijO2ZvAqk2LEwTaDLIRNKOug"
}.
2021-07-07 13:09:26,116 DEBUG    requests_oauthlib.oauth2_session Invoking 0 token response hooks.
2021-07-07 13:09:26,116 DEBUG    requests_oauthlib.oauth2_session Obtained token {'access_token': 'ya29.a0ARrdaM9NjIL0ce4w2iLAqkGXPZOZQw_u5wB4BRkrz_gXa4nfZHObhg7tuDMtXzmzAXAJgLUMuqxYVmlZatjIVIZ7Opw472EeAIHOvHjNy8eA_IYEiUidZEQn2TPF0zsz-6N4Oz4i544kklpXnfqI0By-AhAt36fw2I5W', 'expires_in': 3599, 'refresh_token': '1//06ZcE42hY_agpCgYIARAAGAYSNwF-L9Irty1nLR3nVV4dKtbh7FpbsPEGZRXha5jpmQwbhvyZIz3e6aVThfj-BCiNKQ7CmNtmgFo', 'scope': ['https://www.googleapis.com/auth/userinfo.email', 'https://www.googleapis.com/auth/accounts.reauth', 'https://www.googleapis.com/auth/cloud-platform', 'https://www.googleapis.com/auth/appengine.admin', 'openid', 'https://www.googleapis.com/auth/compute'], 'token_type': 'Bearer', 'id_token': 'eyJhbGciOiJSUzI1NiIsImtpZCI6ImI2ZjhkNTVkYTUzNGVhOTFjYjJjYjAwZTFhZjRlOGUwY2RlY2E5M2QiLCJ0eXAiOiJKV1QifQ.eyJpc3MiOiJodHRwczovL2FjY291bnRzLmdvb2dsZS5jb20iLCJhenAiOiIzMjU1NTk0MDU1OS5hcHBzLmdvb2dsZXVzZXJjb250ZW50LmNvbSIsImF1ZCI6IjMyNTU1OTQwNTU5LmFwcHMuZ29vZ2xldXNlcmNvbnRlbnQuY29tIiwic3ViIjoiMTA3MTIzNzI0MDY2NjA0MjgxMDk3IiwiaGQiOiJkZWFud2FyZS5jb20iLCJlbWFpbCI6ImRlYW5AZGVhbndhcmUuY29tIiwiZW1haWxfdmVyaWZpZWQiOnRydWUsImF0X2hhc2giOiJnTmRWZlVkTGxoOUdVcFVjclF0T29nIiwiaWF0IjoxNjI1Njg4NTY2LCJleHAiOjE2MjU2OTIxNjZ9.gUvoST-pm-U7wEL1DHACqjNvb_ohYofOqskOgQb268kV0ul-jTh219vDQpS3oy_w9hBmmyzPTmfSwsA9vqKHkMWyB_71RJF3Z5p9FwfuGGkguacFpzA8SiJPJPA4mwcxBusz19ldCReLmk7bvXsZxmyv2mKuJ6TQR6RoUZJOQHyxCKCc9uamwCD6_oGlGCXa_7KCH_pmJMMOMI6UbPP9vqW2RHzCRcqEwv7LW8sBWXxTQocW7MYZsUHn2-vbr8kfLajVsIp2V_s5Qf9QdshShktq04dyxooHZmmaSiDxvHERc9iTQ2cmUE4qT_srHmijO2ZvAqk2LEwTaDLIRNKOug', 'expires_at': 1625692165.1167948}.
2021-07-07 13:09:26,128 INFO     ___FILE_ONLY___ 
You are now logged in as [dean@deanware.com].
Your current project is [None].  You can change this setting by running:
  $ gcloud config set project PROJECT_ID

2021-07-07 13:09:26,129 INFO     root            Display format: "none"
