2021-07-07 13:42:41,297 DEBUG    root            Loaded Command Group: ['gcloud', 'run']
2021-07-07 13:42:41,374 DEBUG    root            Loaded Command Group: ['gcloud', 'run', 'deploy']
2021-07-07 13:42:41,385 DEBUG    root            Running [gcloud.run.deploy] with arguments: [--image: "gcr.io/shopify-319117/shnode"]
2021-07-07 13:42:47,350 INFO     ___FILE_ONLY___ To make this the default region, run `gcloud config set run/region us-central1`.


2021-07-07 13:42:48,106 INFO     ___FILE_ONLY___ Deploying container to Cloud Run service [[1mshnode[m] in project [[1mshopify-319117[m] region [[1mus-central1[m]

2021-07-07 13:42:48,106 INFO     ___FILE_ONLY___ Deploying...
2021-07-07 13:43:03,234 DEBUG    root            (gcloud.run.deploy) Cloud Run error: Container failed to start. Failed to start and then listen on the port defined by the PORT environment variable. Logs for this revision might contain more information.

Logs URL:
https://console.cloud.google.com/logs/viewer?project=shopify-319117&resource=cloud_run_revision/service_name/shnode/revision_name/shnode-00002-nih&advancedFilter=resource.type%3D%22cloud_run_revision%22%0Aresource.labels.service_name%3D%22shnode%22%0Aresource.labels.revision_name%3D%22shnode-00002-nih%22
Traceback (most recent call last):
  File "/usr/local/Caskroom/google-cloud-sdk/latest/google-cloud-sdk/lib/googlecloudsdk/calliope/cli.py", line 982, in Execute
    resources = calliope_command.Run(cli=self, args=args)
  File "/usr/local/Caskroom/google-cloud-sdk/latest/google-cloud-sdk/lib/googlecloudsdk/calliope/backend.py", line 809, in Run
    resources = command_instance.Run(args)
  File "/usr/local/Caskroom/google-cloud-sdk/latest/google-cloud-sdk/lib/surface/run/deploy.py", line 261, in Run
    service = operations.ReleaseService(
  File "/usr/local/Caskroom/google-cloud-sdk/latest/google-cloud-sdk/lib/googlecloudsdk/command_lib/run/serverless_operations.py", line 1147, in ReleaseService
    self.WaitForCondition(poller)
  File "/usr/local/Caskroom/google-cloud-sdk/latest/google-cloud-sdk/lib/googlecloudsdk/command_lib/run/serverless_operations.py", line 609, in WaitForCondition
    return waiter.PollUntilDone(poller, None, wait_ceiling_ms=1000)
  File "/usr/local/Caskroom/google-cloud-sdk/latest/google-cloud-sdk/lib/googlecloudsdk/api_lib/util/waiter.py", line 322, in PollUntilDone
    operation = retryer.RetryOnResult(
  File "/usr/local/Caskroom/google-cloud-sdk/latest/google-cloud-sdk/lib/googlecloudsdk/core/util/retry.py", line 233, in RetryOnResult
    result = func(*args, **kwargs)
  File "/usr/local/Caskroom/google-cloud-sdk/latest/google-cloud-sdk/lib/googlecloudsdk/command_lib/run/serverless_operations.py", line 243, in Poll
    self._PollTerminalSubconditions(conditions, conditions_message)
  File "/usr/local/Caskroom/google-cloud-sdk/latest/google-cloud-sdk/lib/googlecloudsdk/command_lib/run/serverless_operations.py", line 223, in _PollTerminalSubconditions
    self._PossiblyFailStage(condition, message)
  File "/usr/local/Caskroom/google-cloud-sdk/latest/google-cloud-sdk/lib/googlecloudsdk/command_lib/run/serverless_operations.py", line 341, in _PossiblyFailStage
    self._tracker.FailStage(condition, self._resource_fail_type(message),
  File "/usr/local/Caskroom/google-cloud-sdk/latest/google-cloud-sdk/lib/googlecloudsdk/core/console/progress_tracker.py", line 934, in FailStage
    raise failure_exception  # pylint: disable=raising-bad-type
googlecloudsdk.command_lib.run.exceptions.DeploymentFailedError: Cloud Run error: Container failed to start. Failed to start and then listen on the port defined by the PORT environment variable. Logs for this revision might contain more information.

Logs URL:
https://console.cloud.google.com/logs/viewer?project=shopify-319117&resource=cloud_run_revision/service_name/shnode/revision_name/shnode-00002-nih&advancedFilter=resource.type%3D%22cloud_run_revision%22%0Aresource.labels.service_name%3D%22shnode%22%0Aresource.labels.revision_name%3D%22shnode-00002-nih%22
2021-07-07 13:43:03,243 ERROR    root            (gcloud.run.deploy) Cloud Run error: Container failed to start. Failed to start and then listen on the port defined by the PORT environment variable. Logs for this revision might contain more information.

Logs URL:
https://console.cloud.google.com/logs/viewer?project=shopify-319117&resource=cloud_run_revision/service_name/shnode/revision_name/shnode-00002-nih&advancedFilter=resource.type%3D%22cloud_run_revision%22%0Aresource.labels.service_name%3D%22shnode%22%0Aresource.labels.revision_name%3D%22shnode-00002-nih%22
