2021-09-03 15:56:54,942 DEBUG    root            Loaded Command Group: ['gcloud', 'auth']
2021-09-03 15:56:55,016 DEBUG    root            Loaded Command Group: ['gcloud', 'auth', 'login']
2021-09-03 15:56:55,018 DEBUG    root            Running [gcloud.auth.login] with arguments: []
2021-09-03 15:56:58,211 DEBUG    requests_oauthlib.oauth2_session Generated new state IyekvYqpNidCEX6x7tdrnn6nJ8SuQJ.
2021-09-03 15:56:58,473 INFO     ___FILE_ONLY___ Your browser has been opened to visit:

    https://accounts.google.com/o/oauth2/auth?response_type=code&client_id=32555940559.apps.googleusercontent.com&redirect_uri=http%3A%2F%2Flocalhost%3A8085%2F&scope=openid+https%3A%2F%2Fwww.googleapis.com%2Fauth%2Fuserinfo.email+https%3A%2F%2Fwww.googleapis.com%2Fauth%2Fcloud-platform+https%3A%2F%2Fwww.googleapis.com%2Fauth%2Fappengine.admin+https%3A%2F%2Fwww.googleapis.com%2Fauth%2Fcompute+https%3A%2F%2Fwww.googleapis.com%2Fauth%2Faccounts.reauth&state=IyekvYqpNidCEX6x7tdrnn6nJ8SuQJ&access_type=offline&code_challenge=ojypojTG07f0neW1V648vHF8H20ApqpokkHE59U7bHw&code_challenge_method=S256


2021-09-03 15:57:10,333 INFO     google_auth_oauthlib.flow "GET /?state=IyekvYqpNidCEX6x7tdrnn6nJ8SuQJ&code=4/0AX4XfWioNDYgIgvUmeyeT4nrTPILnzgf0U-2Ac3pk3A--TXl1g56YQL7yjMTaRHg1BMPVg&scope=email%20openid%20https://www.googleapis.com/auth/userinfo.email%20https://www.googleapis.com/auth/cloud-platform%20https://www.googleapis.com/auth/appengine.admin%20https://www.googleapis.com/auth/compute%20https://www.googleapis.com/auth/accounts.reauth&authuser=0&hd=deanware.com&prompt=consent HTTP/1.1" 200 959
2021-09-03 15:57:10,333 DEBUG    requests_oauthlib.oauth2_session Requesting url https://oauth2.googleapis.com/token using method POST.
2021-09-03 15:57:10,334 DEBUG    requests_oauthlib.oauth2_session Supplying headers {b'Accept': b'application/json', b'Content-Type': b'application/x-www-form-urlencoded;charset=UTF-8', b'user-agent': b'google-cloud-sdk gcloud/347.0.0 command/gcloud.auth.login invocation-id/4323567daeed4a28a963d5b2929d950d environment/None environment-version/None interactive/True from-script/False python/3.9.6 term/xterm-256color (Macintosh; Intel Mac OS X 20.5.0)'} and data {'grant_type': 'authorization_code', 'client_id': '32555940559.apps.googleusercontent.com', 'client_secret': 'ZmssLNjJy2998hD4CTg2ejr2', 'code': '4/0AX4XfWioNDYgIgvUmeyeT4nrTPILnzgf0U-2Ac3pk3A--TXl1g56YQL7yjMTaRHg1BMPVg', 'redirect_uri': 'http://localhost:8085/', 'code_verifier': 'Cf_gYsMZ-nEa5dAeWlbRGCGFhBUXUoun0fAnSYtaXcjaSxm1-obJqrwZdWpWRgxRu~RMttbv4Y8EtebFxAG4ZtO3RUtjjv_V4x5IavGQMv6q~QyFWnipL06yLI7MsgI8'}
2021-09-03 15:57:10,334 DEBUG    requests_oauthlib.oauth2_session Passing through key word arguments {'json': None, 'timeout': None, 'auth': None, 'verify': True, 'proxies': None}.
2021-09-03 15:57:10,353 DEBUG    urllib3.connectionpool Starting new HTTPS connection (1): oauth2.googleapis.com:443
2021-09-03 15:57:15,638 DEBUG    urllib3.connectionpool https://oauth2.googleapis.com:443 "POST /token HTTP/1.1" 200 None
2021-09-03 15:57:15,640 DEBUG    requests_oauthlib.oauth2_session Prepared fetch token request body grant_type=authorization_code&client_id=32555940559.apps.googleusercontent.com&client_secret=ZmssLNjJy2998hD4CTg2ejr2&code=4%2F0AX4XfWioNDYgIgvUmeyeT4nrTPILnzgf0U-2Ac3pk3A--TXl1g56YQL7yjMTaRHg1BMPVg&redirect_uri=http%3A%2F%2Flocalhost%3A8085%2F&code_verifier=Cf_gYsMZ-nEa5dAeWlbRGCGFhBUXUoun0fAnSYtaXcjaSxm1-obJqrwZdWpWRgxRu~RMttbv4Y8EtebFxAG4ZtO3RUtjjv_V4x5IavGQMv6q~QyFWnipL06yLI7MsgI8
2021-09-03 15:57:15,640 DEBUG    requests_oauthlib.oauth2_session Request to fetch token completed with status 200.
2021-09-03 15:57:15,641 DEBUG    requests_oauthlib.oauth2_session Request headers were {'user-agent': b'google-cloud-sdk gcloud/347.0.0 command/gcloud.auth.login invocation-id/4323567daeed4a28a963d5b2929d950d environment/None environment-version/None interactive/True from-script/False python/3.9.6 term/xterm-256color (Macintosh; Intel Mac OS X 20.5.0)', 'Accept-Encoding': 'gzip, deflate', 'Accept': b'application/json', 'Connection': 'keep-alive', 'Content-Type': b'application/x-www-form-urlencoded;charset=UTF-8', 'Content-Length': '387'}
2021-09-03 15:57:15,641 DEBUG    requests_oauthlib.oauth2_session Request body was grant_type=authorization_code&client_id=32555940559.apps.googleusercontent.com&client_secret=ZmssLNjJy2998hD4CTg2ejr2&code=4%2F0AX4XfWioNDYgIgvUmeyeT4nrTPILnzgf0U-2Ac3pk3A--TXl1g56YQL7yjMTaRHg1BMPVg&redirect_uri=http%3A%2F%2Flocalhost%3A8085%2F&code_verifier=Cf_gYsMZ-nEa5dAeWlbRGCGFhBUXUoun0fAnSYtaXcjaSxm1-obJqrwZdWpWRgxRu~RMttbv4Y8EtebFxAG4ZtO3RUtjjv_V4x5IavGQMv6q~QyFWnipL06yLI7MsgI8
2021-09-03 15:57:15,641 DEBUG    requests_oauthlib.oauth2_session Response headers were {'Expires': 'Mon, 01 Jan 1990 00:00:00 GMT', 'Pragma': 'no-cache', 'Date': 'Fri, 03 Sep 2021 22:57:15 GMT', 'Cache-Control': 'no-cache, no-store, max-age=0, must-revalidate', 'Content-Type': 'application/json; charset=utf-8', 'Vary': 'Origin, X-Origin, Referer', 'Content-Encoding': 'gzip', 'Server': 'scaffolding on HTTPServer2', 'X-XSS-Protection': '0', 'X-Frame-Options': 'SAMEORIGIN', 'X-Content-Type-Options': 'nosniff', 'Alt-Svc': 'h3=":443"; ma=2592000,h3-29=":443"; ma=2592000,h3-T051=":443"; ma=2592000,h3-Q050=":443"; ma=2592000,h3-Q046=":443"; ma=2592000,h3-Q043=":443"; ma=2592000,quic=":443"; ma=2592000; v="46,43"', 'Transfer-Encoding': 'chunked'} and content {
  "access_token": "ya29.a0ARrdaM9Y2ip8t6UIRHieYEiVrSMLaPghz6UB_TCrviCr9kardAArWRXAtUpX52hzD2ytevdK7MotPf_t4lB7dQ2k_0A0DPhtIB9AF56iYHO1qLBIUE759n0Fwj362Vt6GBrdJPOUrohenznL5G3pBNHWOXZlkB-RCSnk",
  "expires_in": 3599,
  "refresh_token": "1//06B8EHluIKTlTCgYIARAAGAYSNwF-L9IriALxbC7HwfeKCsV7LokBCYqaWTqpSoeCLsNqah6wOxO8MM9MCLuILDEszlLXPF8JyXI",
  "scope": "https://www.googleapis.com/auth/cloud-platform https://www.googleapis.com/auth/appengine.admin https://www.googleapis.com/auth/compute https://www.googleapis.com/auth/accounts.reauth https://www.googleapis.com/auth/userinfo.email openid",
  "token_type": "Bearer",
  "id_token": "eyJhbGciOiJSUzI1NiIsImtpZCI6Ijk5MWIwNjM2YWFkYTM0MWM1YTA4ZTBkOGYyNDA2OTcyMDY0ZGM4ZWQiLCJ0eXAiOiJKV1QifQ.eyJpc3MiOiJodHRwczovL2FjY291bnRzLmdvb2dsZS5jb20iLCJhenAiOiIzMjU1NTk0MDU1OS5hcHBzLmdvb2dsZXVzZXJjb250ZW50LmNvbSIsImF1ZCI6IjMyNTU1OTQwNTU5LmFwcHMuZ29vZ2xldXNlcmNvbnRlbnQuY29tIiwic3ViIjoiMTA3MTIzNzI0MDY2NjA0MjgxMDk3IiwiaGQiOiJkZWFud2FyZS5jb20iLCJlbWFpbCI6ImRlYW5AZGVhbndhcmUuY29tIiwiZW1haWxfdmVyaWZpZWQiOnRydWUsImF0X2hhc2giOiI2QnNVUm1BajRWS2ZwYno1RDRRUFd3IiwiaWF0IjoxNjMwNzA5ODM1LCJleHAiOjE2MzA3MTM0MzV9.j3o2znfjcUTz-krT9qM05VDGCj-YMhIH-I-X7vumU8IEnDq-ZIUX21rLGYyd5mzEK9rKweKDmS3_5zXlc1rHY1uASW2ZMEY4BCbCfhr82YxGWVuocrw0dPcAdYWOc-2x5QwsxY6qoOhDNPF83xo7qIT11UuB1ALUb76y0dXb2f0K757ZcFtu4rVcXQ4TiXxAZgPUKfCvmr4Bj4VMbjyYda7PJfxhqyRdwELx5ps77XRO4WL5Y37Z-ja4oSN0XQr-xAtj1fQah1QBEPWEgPqDtBJ7kuU6xi8SxNZXAb6jGUx3iOJIg6QMcKvNQaNWjTj7R6gQGhtDs_3Ki2qUjdIFig"
}.
2021-09-03 15:57:15,641 DEBUG    requests_oauthlib.oauth2_session Invoking 0 token response hooks.
2021-09-03 15:57:15,641 DEBUG    requests_oauthlib.oauth2_session Obtained token {'access_token': 'ya29.a0ARrdaM9Y2ip8t6UIRHieYEiVrSMLaPghz6UB_TCrviCr9kardAArWRXAtUpX52hzD2ytevdK7MotPf_t4lB7dQ2k_0A0DPhtIB9AF56iYHO1qLBIUE759n0Fwj362Vt6GBrdJPOUrohenznL5G3pBNHWOXZlkB-RCSnk', 'expires_in': 3599, 'refresh_token': '1//06B8EHluIKTlTCgYIARAAGAYSNwF-L9IriALxbC7HwfeKCsV7LokBCYqaWTqpSoeCLsNqah6wOxO8MM9MCLuILDEszlLXPF8JyXI', 'scope': ['https://www.googleapis.com/auth/cloud-platform', 'https://www.googleapis.com/auth/appengine.admin', 'https://www.googleapis.com/auth/compute', 'https://www.googleapis.com/auth/accounts.reauth', 'https://www.googleapis.com/auth/userinfo.email', 'openid'], 'token_type': 'Bearer', 'id_token': 'eyJhbGciOiJSUzI1NiIsImtpZCI6Ijk5MWIwNjM2YWFkYTM0MWM1YTA4ZTBkOGYyNDA2OTcyMDY0ZGM4ZWQiLCJ0eXAiOiJKV1QifQ.eyJpc3MiOiJodHRwczovL2FjY291bnRzLmdvb2dsZS5jb20iLCJhenAiOiIzMjU1NTk0MDU1OS5hcHBzLmdvb2dsZXVzZXJjb250ZW50LmNvbSIsImF1ZCI6IjMyNTU1OTQwNTU5LmFwcHMuZ29vZ2xldXNlcmNvbnRlbnQuY29tIiwic3ViIjoiMTA3MTIzNzI0MDY2NjA0MjgxMDk3IiwiaGQiOiJkZWFud2FyZS5jb20iLCJlbWFpbCI6ImRlYW5AZGVhbndhcmUuY29tIiwiZW1haWxfdmVyaWZpZWQiOnRydWUsImF0X2hhc2giOiI2QnNVUm1BajRWS2ZwYno1RDRRUFd3IiwiaWF0IjoxNjMwNzA5ODM1LCJleHAiOjE2MzA3MTM0MzV9.j3o2znfjcUTz-krT9qM05VDGCj-YMhIH-I-X7vumU8IEnDq-ZIUX21rLGYyd5mzEK9rKweKDmS3_5zXlc1rHY1uASW2ZMEY4BCbCfhr82YxGWVuocrw0dPcAdYWOc-2x5QwsxY6qoOhDNPF83xo7qIT11UuB1ALUb76y0dXb2f0K757ZcFtu4rVcXQ4TiXxAZgPUKfCvmr4Bj4VMbjyYda7PJfxhqyRdwELx5ps77XRO4WL5Y37Z-ja4oSN0XQr-xAtj1fQah1QBEPWEgPqDtBJ7kuU6xi8SxNZXAb6jGUx3iOJIg6QMcKvNQaNWjTj7R6gQGhtDs_3Ki2qUjdIFig', 'expires_at': 1630713434.64146}.
2021-09-03 15:57:15,653 INFO     ___FILE_ONLY___ 
You are now logged in as [dean@deanware.com].
Your current project is [shopify-319117].  You can change this setting by running:
  $ gcloud config set project PROJECT_ID

2021-09-03 15:57:15,654 INFO     root            Display format: "none"
2021-09-03 15:57:15,656 DEBUG    root            Checking for updates...
2021-09-03 15:57:15,665 DEBUG    urllib3.connectionpool Starting new HTTPS connection (1): dl.google.com:443
2021-09-03 15:57:18,962 DEBUG    urllib3.connectionpool https://dl.google.com:443 "GET /dl/cloudsdk/channels/rapid/components-2.json HTTP/1.1" 200 162592
2021-09-03 15:57:19,046 DEBUG    root            Updating notification cache...
2021-09-03 15:57:19,046 DEBUG    root            Activating notification: [default]
2021-09-03 15:57:19,046 INFO     ___FILE_ONLY___ 

Updates are available for some Cloud SDK components.  To install them,
please run:
  $ gcloud components update


2021-09-03 15:57:19,049 INFO     ___FILE_ONLY___ 

To take a quick anonymous survey, run:
  $ gcloud survey


