2021-09-03 15:56:29,025 ERROR    root            (gcloud) Command name argument expected.
2021-09-03 15:56:29,033 DEBUG    root            Loaded Command Group: ['gcloud', 'info']
2021-09-03 15:56:29,035 DEBUG    root            No implementation for release track [GA] for element: [/usr/local/Caskroom/google-cloud-sdk/latest/google-cloud-sdk/lib/surface/dlp]
2021-09-03 15:56:29,063 DEBUG    root            Loaded Command Group: ['gcloud', 'ml_engine']
2021-09-03 15:56:29,067 DEBUG    root            No implementation for release track [GA] for element: [/usr/local/Caskroom/google-cloud-sdk/latest/google-cloud-sdk/lib/surface/genomics]
2021-09-03 15:56:29,068 DEBUG    root            Loaded Command Group: ['gcloud', 'scheduler']
2021-09-03 15:56:29,071 DEBUG    root            Loaded Command Group: ['gcloud', 'organizations']
2021-09-03 15:56:29,073 DEBUG    root            Loaded Command Group: ['gcloud', 'composer']
2021-09-03 15:56:29,076 DEBUG    root            Loaded Command Group: ['gcloud', 'filestore']
2021-09-03 15:56:29,078 DEBUG    root            No implementation for release track [GA] for element: [/usr/local/Caskroom/google-cloud-sdk/latest/google-cloud-sdk/lib/surface/deploy]
2021-09-03 15:56:29,080 DEBUG    root            No implementation for release track [GA] for element: [/usr/local/Caskroom/google-cloud-sdk/latest/google-cloud-sdk/lib/surface/essential_contacts]
2021-09-03 15:56:29,081 DEBUG    root            Loaded Command Group: ['gcloud', 'datastore']
2021-09-03 15:56:29,083 DEBUG    root            Loaded Command Group: ['gcloud', 'org_policies']
2021-09-03 15:56:29,085 DEBUG    root            No implementation for release track [GA] for element: [/usr/local/Caskroom/google-cloud-sdk/latest/google-cloud-sdk/lib/surface/policy_intelligence]
2021-09-03 15:56:29,086 DEBUG    root            Loaded Command Group: ['gcloud', 'service_directory']
2021-09-03 15:56:29,089 DEBUG    root            No implementation for release track [GA] for element: [/usr/local/Caskroom/google-cloud-sdk/latest/google-cloud-sdk/lib/surface/trace]
2021-09-03 15:56:29,090 DEBUG    root            Loaded Command Group: ['gcloud', 'access_context_manager']
2021-09-03 15:56:29,094 DEBUG    root            Loaded Command Group: ['gcloud', 'version']
2021-09-03 15:56:29,095 DEBUG    root            Loaded Command Group: ['gcloud', 'dataflow']
2021-09-03 15:56:29,098 DEBUG    root            Loaded Command Group: ['gcloud', 'game']
2021-09-03 15:56:29,101 DEBUG    root            Loaded Command Group: ['gcloud', 'emulators']
2021-09-03 15:56:29,103 DEBUG    root            No implementation for release track [GA] for element: [/usr/local/Caskroom/google-cloud-sdk/latest/google-cloud-sdk/lib/surface/dialogflow]
2021-09-03 15:56:29,105 DEBUG    root            Loaded Command Group: ['gcloud', 'app']
2021-09-03 15:56:29,110 DEBUG    root            Loaded Command Group: ['gcloud', 'config']
2021-09-03 15:56:29,112 DEBUG    root            Loaded Command Group: ['gcloud', 'edge_cache']
2021-09-03 15:56:29,118 DEBUG    root            Loaded Command Group: ['gcloud', 'functions']
2021-09-03 15:56:29,120 DEBUG    root            No implementation for release track [GA] for element: [/usr/local/Caskroom/google-cloud-sdk/latest/google-cloud-sdk/lib/surface/alloydb]
2021-09-03 15:56:29,179 DEBUG    root            Loaded Command Group: ['gcloud', 'compute']
2021-09-03 15:56:29,215 DEBUG    root            Loaded Command Group: ['gcloud', 'metastore']
2021-09-03 15:56:29,218 DEBUG    root            Loaded Command Group: ['gcloud', 'source']
2021-09-03 15:56:29,221 DEBUG    root            No implementation for release track [GA] for element: [/usr/local/Caskroom/google-cloud-sdk/latest/google-cloud-sdk/lib/surface/kuberun]
2021-09-03 15:56:29,222 DEBUG    root            Loaded Command Group: ['gcloud', 'anthos']
2021-09-03 15:56:29,224 DEBUG    root            Loaded Command Group: ['gcloud', 'apigee']
2021-09-03 15:56:29,228 DEBUG    root            Loaded Command Group: ['gcloud', 'notebooks']
2021-09-03 15:56:29,230 DEBUG    root            Loaded Command Group: ['gcloud', 'active_directory']
2021-09-03 15:56:29,233 DEBUG    root            Loaded Command Group: ['gcloud', 'pubsub']
2021-09-03 15:56:29,238 DEBUG    root            Loaded Command Group: ['gcloud', 'identity']
2021-09-03 15:56:29,240 DEBUG    root            Loaded Command Group: ['gcloud', 'asset']
2021-09-03 15:56:29,244 DEBUG    root            No implementation for release track [GA] for element: [/usr/local/Caskroom/google-cloud-sdk/latest/google-cloud-sdk/lib/surface/runtime_config]
2021-09-03 15:56:29,246 DEBUG    root            No implementation for release track [GA] for element: [/usr/local/Caskroom/google-cloud-sdk/latest/google-cloud-sdk/lib/surface/data_fusion]
2021-09-03 15:56:29,247 DEBUG    root            Loaded Command Group: ['gcloud', 'ai']
2021-09-03 15:56:29,254 DEBUG    root            Loaded Command Group: ['gcloud', 'redis']
2021-09-03 15:56:29,257 DEBUG    root            Loaded Command Group: ['gcloud', 'run']
2021-09-03 15:56:29,261 DEBUG    root            No implementation for release track [GA] for element: [/usr/local/Caskroom/google-cloud-sdk/latest/google-cloud-sdk/lib/surface/blueprints]
2021-09-03 15:56:29,262 DEBUG    root            Loaded Command Group: ['gcloud', 'endpoints']
2021-09-03 15:56:29,265 DEBUG    root            Loaded Command Group: ['gcloud', 'monitoring']
2021-09-03 15:56:29,268 DEBUG    root            Loaded Command Group: ['gcloud', 'workspace_add_ons']
2021-09-03 15:56:29,270 DEBUG    root            No implementation for release track [GA] for element: [/usr/local/Caskroom/google-cloud-sdk/latest/google-cloud-sdk/lib/surface/access_approval]
2021-09-03 15:56:29,278 DEBUG    root            Loaded Command Group: ['gcloud', 'container']
2021-09-03 15:56:29,287 DEBUG    root            Loaded Command Group: ['gcloud', 'dataproc']
2021-09-03 15:56:29,292 DEBUG    root            Loaded Command Group: ['gcloud', 'cloud_shell']
2021-09-03 15:56:29,294 DEBUG    root            Loaded Command Group: ['gcloud', 'firestore']
2021-09-03 15:56:29,297 DEBUG    root            Loaded Command Group: ['gcloud', 'network_management']
2021-09-03 15:56:29,299 DEBUG    root            Loaded Command Group: ['gcloud', 'domains']
2021-09-03 15:56:29,302 DEBUG    root            No implementation for release track [GA] for element: [/usr/local/Caskroom/google-cloud-sdk/latest/google-cloud-sdk/lib/surface/web_security_scanner]
2021-09-03 15:56:29,311 DEBUG    root            Loaded Command Group: ['gcloud', 'survey']
2021-09-03 15:56:29,312 DEBUG    root            No implementation for release track [GA] for element: [/usr/local/Caskroom/google-cloud-sdk/latest/google-cloud-sdk/lib/surface/network_services]
2021-09-03 15:56:29,313 DEBUG    root            Loaded Command Group: ['gcloud', 'iot']
2021-09-03 15:56:29,316 DEBUG    root            No implementation for release track [GA] for element: [/usr/local/Caskroom/google-cloud-sdk/latest/google-cloud-sdk/lib/surface/storage]
2021-09-03 15:56:29,317 DEBUG    root            Loaded Command Group: ['gcloud', 'assured']
2021-09-03 15:56:29,319 DEBUG    root            Loaded Command Group: ['gcloud', 'auth']
2021-09-03 15:56:29,322 DEBUG    root            Loaded Command Group: ['gcloud', 'iam']
2021-09-03 15:56:29,327 DEBUG    root            Loaded Command Group: ['gcloud', 'scc']
2021-09-03 15:56:29,330 DEBUG    root            Loaded Command Group: ['gcloud', 'database_migration']
2021-09-03 15:56:29,333 DEBUG    root            Loaded Command Group: ['gcloud', 'services']
2021-09-03 15:56:29,336 DEBUG    root            No implementation for release track [GA] for element: [/usr/local/Caskroom/google-cloud-sdk/latest/google-cloud-sdk/lib/surface/media]
2021-09-03 15:56:29,337 DEBUG    root            Loaded Command Group: ['gcloud', 'healthcare']
2021-09-03 15:56:29,343 DEBUG    root            No implementation for release track [GA] for element: [/usr/local/Caskroom/google-cloud-sdk/latest/google-cloud-sdk/lib/surface/resource_config]
2021-09-03 15:56:29,344 DEBUG    root            No implementation for release track [GA] for element: [/usr/local/Caskroom/google-cloud-sdk/latest/google-cloud-sdk/lib/surface/publicca]
2021-09-03 15:56:29,348 DEBUG    root            Loaded Command Group: ['gcloud', 'debug']
2021-09-03 15:56:29,350 DEBUG    root            Loaded Command Group: ['gcloud', 'api_gateway']
2021-09-03 15:56:29,352 DEBUG    root            No implementation for release track [GA] for element: [/usr/local/Caskroom/google-cloud-sdk/latest/google-cloud-sdk/lib/surface/vmware]
2021-09-03 15:56:29,353 DEBUG    root            Loaded Command Group: ['gcloud', 'data_catalog']
2021-09-03 15:56:29,359 DEBUG    root            Loaded Command Group: ['gcloud', 'logging']
2021-09-03 15:56:29,363 DEBUG    root            Loaded Command Group: ['gcloud', 'billing']
2021-09-03 15:56:29,368 DEBUG    root            Loaded Command Group: ['gcloud', 'builds']
2021-09-03 15:56:29,373 DEBUG    root            Loaded Command Group: ['gcloud', 'deployment_manager']
2021-09-03 15:56:29,375 DEBUG    root            Loaded Command Group: ['gcloud', 'secrets']
2021-09-03 15:56:29,377 DEBUG    root            Loaded Command Group: ['gcloud', 'resource_manager']
2021-09-03 15:56:29,381 DEBUG    root            Loaded Command Group: ['gcloud', 'iap']
2021-09-03 15:56:29,383 DEBUG    root            No implementation for release track [GA] for element: [/usr/local/Caskroom/google-cloud-sdk/latest/google-cloud-sdk/lib/surface/transfer]
2021-09-03 15:56:29,383 DEBUG    root            No implementation for release track [GA] for element: [/usr/local/Caskroom/google-cloud-sdk/latest/google-cloud-sdk/lib/surface/admin_service_cluster]
2021-09-03 15:56:29,385 DEBUG    root            Loaded Command Group: ['gcloud', 'policy_troubleshoot']
2021-09-03 15:56:29,386 DEBUG    root            No implementation for release track [GA] for element: [/usr/local/Caskroom/google-cloud-sdk/latest/google-cloud-sdk/lib/surface/error_reporting]
2021-09-03 15:56:29,387 DEBUG    root            Loaded Command Group: ['gcloud', 'recommender']
2021-09-03 15:56:29,390 DEBUG    root            Loaded Command Group: ['gcloud', 'spanner']
2021-09-03 15:56:29,394 DEBUG    root            No implementation for release track [GA] for element: [/usr/local/Caskroom/google-cloud-sdk/latest/google-cloud-sdk/lib/surface/commerce_procurement]
2021-09-03 15:56:29,395 DEBUG    root            No implementation for release track [GA] for element: [/usr/local/Caskroom/google-cloud-sdk/latest/google-cloud-sdk/lib/surface/lifesciences]
2021-09-03 15:56:29,396 DEBUG    root            Loaded Command Group: ['gcloud', 'projects']
2021-09-03 15:56:29,398 DEBUG    root            Loaded Command Group: ['gcloud', 'resource_settings']
2021-09-03 15:56:29,401 DEBUG    root            No implementation for release track [GA] for element: [/usr/local/Caskroom/google-cloud-sdk/latest/google-cloud-sdk/lib/surface/certificate_manager]
2021-09-03 15:56:29,402 DEBUG    root            Loaded Command Group: ['gcloud', 'meta']
2021-09-03 15:56:29,406 DEBUG    root            Loaded Command Group: ['gcloud', 'sql']
2021-09-03 15:56:29,418 DEBUG    root            Loaded Command Group: ['gcloud', 'help']
2021-09-03 15:56:29,420 DEBUG    root            Loaded Command Group: ['gcloud', 'ai_platform']
2021-09-03 15:56:29,422 DEBUG    root            Loaded Command Group: ['gcloud', 'artifacts']
2021-09-03 15:56:29,427 DEBUG    root            Loaded Command Group: ['gcloud', 'topic']
2021-09-03 15:56:29,429 DEBUG    root            Loaded Command Group: ['gcloud', 'dns']
2021-09-03 15:56:29,436 DEBUG    root            Loaded Command Group: ['gcloud', 'feedback']
2021-09-03 15:56:29,438 DEBUG    root            No implementation for release track [GA] for element: [/usr/local/Caskroom/google-cloud-sdk/latest/google-cloud-sdk/lib/surface/recaptcha]
2021-09-03 15:56:29,439 DEBUG    root            Loaded Command Group: ['gcloud', 'bigtable']
2021-09-03 15:56:29,441 DEBUG    root            No implementation for release track [GA] for element: [/usr/local/Caskroom/google-cloud-sdk/latest/google-cloud-sdk/lib/surface/remote_build_execution]
2021-09-03 15:56:29,442 DEBUG    root            No implementation for release track [GA] for element: [/usr/local/Caskroom/google-cloud-sdk/latest/google-cloud-sdk/lib/surface/edge_container]
2021-09-03 15:56:29,443 DEBUG    root            Loaded Command Group: ['gcloud', 'cheat_sheet']
2021-09-03 15:56:29,448 DEBUG    root            No implementation for release track [GA] for element: [/usr/local/Caskroom/google-cloud-sdk/latest/google-cloud-sdk/lib/surface/code]
2021-09-03 15:56:29,449 DEBUG    root            Loaded Command Group: ['gcloud', 'privateca']
2021-09-03 15:56:29,454 DEBUG    root            No implementation for release track [GA] for element: [/usr/local/Caskroom/google-cloud-sdk/latest/google-cloud-sdk/lib/surface/bq]
2021-09-03 15:56:29,454 DEBUG    root            Loaded Command Group: ['gcloud', 'workflows']
2021-09-03 15:56:29,495 DEBUG    root            No implementation for release track [GA] for element: [/usr/local/Caskroom/google-cloud-sdk/latest/google-cloud-sdk/lib/surface/events]
2021-09-03 15:56:29,496 DEBUG    root            No implementation for release track [GA] for element: [/usr/local/Caskroom/google-cloud-sdk/latest/google-cloud-sdk/lib/surface/datastream]
2021-09-03 15:56:29,497 DEBUG    root            No implementation for release track [GA] for element: [/usr/local/Caskroom/google-cloud-sdk/latest/google-cloud-sdk/lib/surface/transcoder]
2021-09-03 15:56:29,595 DEBUG    root            No implementation for release track [GA] for element: [/usr/local/Caskroom/google-cloud-sdk/latest/google-cloud-sdk/lib/surface/interactive]
2021-09-03 15:56:29,597 DEBUG    root            No implementation for release track [GA] for element: [/usr/local/Caskroom/google-cloud-sdk/latest/google-cloud-sdk/lib/surface/labelmanager]
2021-09-03 15:56:29,601 DEBUG    root            Loaded Command Group: ['gcloud', 'init']
2021-09-03 15:56:29,602 DEBUG    root            No implementation for release track [GA] for element: [/usr/local/Caskroom/google-cloud-sdk/latest/google-cloud-sdk/lib/surface/network_connectivity]
2021-09-03 15:56:29,603 DEBUG    root            Loaded Command Group: ['gcloud', 'firebase']
2021-09-03 15:56:29,605 DEBUG    root            Loaded Command Group: ['gcloud', 'memcache']
2021-09-03 15:56:29,607 DEBUG    root            No implementation for release track [GA] for element: [/usr/local/Caskroom/google-cloud-sdk/latest/google-cloud-sdk/lib/surface/ids]
2021-09-03 15:56:29,608 DEBUG    root            Loaded Command Group: ['gcloud', 'components']
2021-09-03 15:56:29,610 DEBUG    root            Loaded Command Group: ['gcloud', 'ml']
2021-09-03 15:56:29,614 DEBUG    root            Loaded Command Group: ['gcloud', 'eventarc']
2021-09-03 15:56:29,617 DEBUG    root            Loaded Command Group: ['gcloud', 'tasks']
2021-09-03 15:56:29,625 DEBUG    root            Loaded Command Group: ['gcloud', 'docker']
2021-09-03 15:56:29,627 DEBUG    root            No implementation for release track [GA] for element: [/usr/local/Caskroom/google-cloud-sdk/latest/google-cloud-sdk/lib/surface/network_security]
2021-09-03 15:56:29,628 DEBUG    root            Loaded Command Group: ['gcloud', 'kms']
